#
# A fatal error has been detected by the Java Runtime Environment:
#
#  SIGBUS (0xa) at pc=0x000000014f5354e4, pid=17955, tid=5379
#
# JRE version: OpenJDK Runtime Environment Corretto-17.0.8.7.1 (17.0.8+7) (build 17.0.8+7-LTS)
# Java VM: OpenJDK 64-Bit Server VM Corretto-17.0.8.7.1 (17.0.8+7-LTS, mixed mode, sharing, tiered, compressed oops, compressed class ptrs, g1 gc, bsd-aarch64)
# Problematic frame:
# v  ~StubRoutines::SafeFetch32
#
# No core dump will be written. Core dumps have been disabled. To enable core dumping, try "ulimit -c unlimited" before starting Java again
#
# JFR recording file will be written. Location: /Users/adityaratan/Downloads/CHROME DOWNLOAD/SimplestCRUDExample-main/hs_err_pid17955.jfr
#
# If you would like to submit a bug report, please visit:
#   https://github.com/corretto/corretto-17/issues/
#

---------------  S U M M A R Y ------------

Command Line: -ea -Didea.test.cyclic.buffer.size=1048576 -javaagent:/Applications/IntelliJ IDEA.app/Contents/lib/idea_rt.jar=49266:/Applications/IntelliJ IDEA.app/Contents/bin -agentpath:/private/var/folders/j9/934d_rh138g5wch84nhtp3ch0000gn/T/libasyncProfiler.so=start,jfr,event=cpu,interval=10ms,jfrsync=profile,cstack=no,file=/Users/adityaratan/IdeaSnapshots/controller_in_SimplestCRUDExample_2023_09_17_215500.jfr,log=/private/var/folders/j9/934d_rh138g5wch84nhtp3ch0000gn/T/controller_in_SimplestCRUDExample_2023_09_17_215500.jfr.log.txt,logLevel=DEBUG -Dfile.encoding=UTF-8 com.intellij.rt.junit.JUnitStarter -ideVersion5 -junit5 @w@/private/var/folders/j9/934d_rh138g5wch84nhtp3ch0000gn/T/idea_working_dirs_junit.tmp @/private/var/folders/j9/934d_rh138g5wch84nhtp3ch0000gn/T/idea_junit.tmp -socket49265

Host: "MacBookPro17,1" arm64, 8 cores, 16G, Darwin 22.1.0, macOS 13.0.1 (22A400)
Time: Sun Sep 17 21:55:01 2023 IST elapsed time: 1.267412 seconds (0d 0h 0m 1s)

---------------  T H R E A D  ---------------

Current thread (0x0000000135810800):  JavaThread "main" [_thread_in_Java, id=5379, stack(0x000000016fb98000,0x000000016fd9b000)]

Stack: [0x000000016fb98000,0x000000016fd9b000],  sp=0x000000016fd98b80,  free space=2050k
Native frames: (J=compiled Java code, j=interpreted, Vv=VM code, C=native code)
v  ~StubRoutines::SafeFetch32
V  [libjvm.dylib+0x7c8890]  os::is_readable_range(void const*, void const*)+0x2c
V  [libjvm.dylib+0x77531c]  Method::is_valid_method(Method const*)+0x38
V  [libjvm.dylib+0x362da8]  frame::is_interpreted_frame_valid(JavaThread*) const+0x7c
V  [libjvm.dylib+0x362c80]  frame::safe_for_sender(JavaThread*)+0x504
V  [libjvm.dylib+0x9c12c4]  JavaThread::pd_get_top_frame(frame*, void*, bool)+0x1f4
V  [libjvm.dylib+0x35f98c]  AsyncGetCallTrace+0x1a4
C  [libasyncProfiler.so+0x3ac54]  Profiler::getJavaTraceAsync(void*, ASGCT_CallFrame*, int, StackContext*)+0x15c
C  [libasyncProfiler.so+0x3bd04]  Profiler::recordSampleForThread(int, void*, unsigned long long, int, Event*, int*)+0x1c4
C  [libasyncProfiler.so+0x4a03c]  WallClock::signalHandler(int, __siginfo*, void*)+0xa8
C  [libsystem_platform.dylib+0x42a4]  _sigtramp+0x38
C  0x125c80014f539d80
j  java.io.ObjectStreamClass$FieldReflector.<init>([Ljava/io/ObjectStreamField;)V+159 java.base@17.0.8
j  java.io.ObjectStreamClass.getReflector([Ljava/io/ObjectStreamField;Ljava/io/ObjectStreamClass;)Ljava/io/ObjectStreamClass$FieldReflector;+68 java.base@17.0.8
j  java.io.ObjectStreamClass.<init>(Ljava/lang/Class;)V+139 java.base@17.0.8
j  java.io.ObjectStreamClass$Caches$1.computeValue(Ljava/lang/Class;)Ljava/io/ObjectStreamClass;+5 java.base@17.0.8
j  java.io.ObjectStreamClass$Caches$1.computeValue(Ljava/lang/Class;)Ljava/lang/Object;+2 java.base@17.0.8
j  java.io.ClassCache$1.computeValue(Ljava/lang/Class;)Ljava/io/ClassCache$CacheRef;+5 java.base@17.0.8
j  java.io.ClassCache$1.computeValue(Ljava/lang/Class;)Ljava/lang/Object;+2 java.base@17.0.8
j  java.lang.ClassValue.getFromHashMap(Ljava/lang/Class;)Ljava/lang/Object;+29 java.base@17.0.8
j  java.lang.ClassValue.getFromBackup([Ljava/lang/ClassValue$Entry;Ljava/lang/Class;)Ljava/lang/Object;+17 java.base@17.0.8
j  java.lang.ClassValue.get(Ljava/lang/Class;)Ljava/lang/Object;+27 java.base@17.0.8
j  java.io.ClassCache.get(Ljava/lang/Class;)Ljava/lang/Object;+9 java.base@17.0.8
j  java.io.ObjectStreamClass.lookup(Ljava/lang/Class;Z)Ljava/io/ObjectStreamClass;+19 java.base@17.0.8
j  java.io.ObjectStreamClass.lookup(Ljava/lang/Class;)Ljava/io/ObjectStreamClass;+2 java.base@17.0.8
j  org.junit.platform.launcher.TestIdentifier.<clinit>()V+2
v  ~StubRoutines::call_stub
V  [libjvm.dylib+0x473abc]  JavaCalls::call_helper(JavaValue*, methodHandle const&, JavaCallArguments*, JavaThread*)+0x390
V  [libjvm.dylib+0x453c74]  InstanceKlass::call_class_initializer(JavaThread*)+0x1d4
V  [libjvm.dylib+0x452f74]  InstanceKlass::initialize_impl(JavaThread*)+0x668
V  [libjvm.dylib+0x690658]  LinkResolver::resolve_static_call(CallInfo&, LinkInfo const&, bool, JavaThread*)+0x78
V  [libjvm.dylib+0x69237c]  LinkResolver::resolve_invoke(CallInfo&, Handle, constantPoolHandle const&, int, Bytecodes::Code, JavaThread*)+0xac
V  [libjvm.dylib+0x46cf84]  InterpreterRuntime::resolve_invoke(JavaThread*, Bytecodes::Code)+0x270
V  [libjvm.dylib+0x46d4e8]  InterpreterRuntime::resolve_from_cache(JavaThread*, Bytecodes::Code)+0x98
j  com.intellij.junit5.JUnit5IdeaTestRunner.<clinit>()V+16
v  ~StubRoutines::call_stub
V  [libjvm.dylib+0x473abc]  JavaCalls::call_helper(JavaValue*, methodHandle const&, JavaCallArguments*, JavaThread*)+0x390
V  [libjvm.dylib+0x453c74]  InstanceKlass::call_class_initializer(JavaThread*)+0x1d4
V  [libjvm.dylib+0x452f74]  InstanceKlass::initialize_impl(JavaThread*)+0x668
V  [libjvm.dylib+0x51a144]  JVM_FindClassFromCaller+0x340
C  [libjava.dylib+0x3458]  Java_java_lang_Class_forName0+0x138
J 652  java.lang.Class.forName0(Ljava/lang/String;ZLjava/lang/ClassLoader;Ljava/lang/Class;)Ljava/lang/Class; java.base@17.0.8 (0 bytes) @ 0x000000014faf3dec [0x000000014faf3d40+0x00000000000000ac]
C  0x000000f800b64d7b


siginfo: si_signo: 10 (SIGBUS), si_code: 1 (BUS_ADRALN), si_addr: 0x000000014f5354e4

Register to memory mapping:

 x0=0x0000000157382000 is pointing into metadata
 x1=0x00000000cafebabe is an unknown value
 x2=0x000000016fd98ce8 is pointing into the stack for thread: 0x0000000135810800
 x3=0x0000000000000001 is an unknown value
 x4=0x000000016fd98ec0 is pointing into the stack for thread: 0x0000000135810800
 x5=0x000000016fd98ec0 is pointing into the stack for thread: 0x0000000135810800
 x6=0x0000000084400001 is an unknown value
 x7=0x0 is NULL
 x8=0x000000014f5354e0 is at begin+0 in a stub
StubRoutines::SafeFetch32 [0x000000014f5354e0, 0x000000014f5354ec] (12 bytes)
 x9=0x000000016fd99490 is pointing into the stack for thread: 0x0000000135810800
x10=0x0 is NULL
x11=0x000000016fd994b0 is pointing into the stack for thread: 0x0000000135810800
x12=0x00000000000000ab is an unknown value
x13=0x0 is NULL
x14=1431640 is a compressed pointer to class: 0x000000f80015d858
java.util.HashMap$Node {0x000000f80015d858}
 - instance size:     4
 - klass size:        73
 - access:            synchronized 
 - state:             fully_initialized
 - name:              'java/util/HashMap$Node'
 - super:             'java/lang/Object'
 - sub:               'java/util/LinkedHashMap$Entry'   
 - arrays:            'java/util/HashMap$Node'[]
 - methods:           Array<T>(0x000000f800769140)
 - method ordering:   Array<T>(0x000000f800769218)
 - default_methods:   Array<T>(0x0000000000000000)
 - local interfaces:  Array<T>(0x000000f800767d60)
 - trans. interfaces: Array<T>(0x000000f800767d60)
 - constants:         constant pool [95] {0x000000f800768dd8} for 'java/util/HashMap$Node' cache=0x000000f80015ec80
 - class loader data:  loader data: 0x00006000032341e0 of 'bootstrap'
 - source file:       'HashMap.java'
 - class annotations:       Array<T>(0x0000000000000000)
 - class type annotations:  Array<T>(0x0000000000000000)
 - field annotations:       Array<T>(0x0000000000000000)
 - field type annotations:  Array<T>(0x0000000000000000)
 - generic signature: '<K:Ljava/lang/Object;V:Ljava/lang/Object;>Ljava/lang/Object;Ljava/util/Map$Entry<TK;TV;>;'
 - inner classes:     Array<T>(0x000000f800769120)
 - nest members:     Array<T>(0x000000f8005ddb00)
 - permitted subclasses:     Array<T>(0x000000f8005ddb00)
 - java mirror:       a 'java/lang/Class'{0x00000007ffd17a68} = 'java/util/HashMap$Node'
 - vtable length      5  (start addr: 0x000000f80015da28)
 - itable length      9 (start addr: 0x000000f80015da50)
 - ---- static fields (0 words):
 - ---- non-static fields (4 words):
 - final 'hash' 'I' @12 
 - final 'key' 'Ljava/lang/Object;' @16 
 - 'value' 'Ljava/lang/Object;' @20 
 - 'next' 'Ljava/util/HashMap$Node;' @24 
 - non-static oop maps: 16-24 
x15=1431640 is a compressed pointer to class: 0x000000f80015d858
java.util.HashMap$Node {0x000000f80015d858}
 - instance size:     4
 - klass size:        73
 - access:            synchronized 
 - state:             fully_initialized
 - name:              'java/util/HashMap$Node'
 - super:             'java/lang/Object'
 - sub:               'java/util/LinkedHashMap$Entry'   
 - arrays:            'java/util/HashMap$Node'[]
 - methods:           Array<T>(0x000000f800769140)
 - method ordering:   Array<T>(0x000000f800769218)
 - default_methods:   Array<T>(0x0000000000000000)
 - local interfaces:  Array<T>(0x000000f800767d60)
 - trans. interfaces: Array<T>(0x000000f800767d60)
 - constants:         constant pool [95] {0x000000f800768dd8} for 'java/util/HashMap$Node' cache=0x000000f80015ec80
 - class loader data:  loader data: 0x00006000032341e0 of 'bootstrap'
 - source file:       'HashMap.java'
 - class annotations:       Array<T>(0x0000000000000000)
 - class type annotations:  Array<T>(0x0000000000000000)
 - field annotations:       Array<T>(0x0000000000000000)
 - field type annotations:  Array<T>(0x0000000000000000)
 - generic signature: '<K:Ljava/lang/Object;V:Ljava/lang/Object;>Ljava/lang/Object;Ljava/util/Map$Entry<TK;TV;>;'
 - inner classes:     Array<T>(0x000000f800769120)
 - nest members:     Array<T>(0x000000f8005ddb00)
 - permitted subclasses:     Array<T>(0x000000f8005ddb00)
 - java mirror:       a 'java/lang/Class'{0x00000007ffd17a68} = 'java/util/HashMap$Node'
 - vtable length      5  (start addr: 0x000000f80015da28)
 - itable length      9 (start addr: 0x000000f80015da50)
 - ---- static fields (0 words):
 - ---- non-static fields (4 words):
 - final 'hash' 'I' @12 
 - final 'key' 'Ljava/lang/Object;' @16 
 - 'value' 'Ljava/lang/Object;' @20 
 - 'next' 'Ljava/util/HashMap$Node;' @24 
 - non-static oop maps: 16-24 
x16=0x0000000195680e9c: pthread_getspecific+0 in /usr/lib/system/libsystem_pthread.dylib at 0x000000019567f000
x17=0x0000600002d63bf0 points into unknown readable memory: 0xfffffffffffffffe | fe ff ff ff ff ff ff ff
x18=0x0 is NULL
x19=0x0000000157382000 is pointing into metadata
x20=0x0000000135810800 is a thread
x21=0x0000000000000001 is an unknown value
x22=0x000000016fd98d00 is pointing into the stack for thread: 0x0000000135810800
x23=0x000000010207ba40: _ZN12StubRoutines18_safefetch32_entryE+0 in /Users/adityaratan/Library/Java/JavaVirtualMachines/corretto-17.0.8/Contents/Home/lib/server/libjvm.dylib at 0x000000010140c000
x24=0x00000000cafebabe is an unknown value
x25=0x000000016fd99500 is pointing into the stack for thread: 0x0000000135810800
x26=0x000000016fd99490 is pointing into the stack for thread: 0x0000000135810800
x27=0x0000000128014390 points into unknown readable memory: 0x0000000000000125 | 25 01 00 00 00 00 00 00
x28=0x000000014f53e874 is at code_begin+52 in an Interpreter codelet
iconst_0  3 iconst_0  [0x000000014f53e840, 0x000000014f53e880]  64 bytes


Registers:
 x0=0x0000000157382000  x1=0x00000000cafebabe  x2=0x000000016fd98ce8  x3=0x0000000000000001
 x4=0x000000016fd98ec0  x5=0x000000016fd98ec0  x6=0x0000000084400001  x7=0x0000000000000000
 x8=0x000000014f5354e0  x9=0x000000016fd99490 x10=0x0000000000000000 x11=0x000000016fd994b0
x12=0x00000000000000ab x13=0x0000000000000000 x14=0x000000000015d858 x15=0x000000000015d858
x16=0x0000000195680e9c x17=0x0000600002d63bf0 x18=0x0000000000000000 x19=0x0000000157382000
x20=0x0000000135810800 x21=0x0000000000000001 x22=0x000000016fd98d00 x23=0x000000010207ba40
x24=0x00000000cafebabe x25=0x000000016fd99500 x26=0x000000016fd99490 x27=0x0000000128014390
x28=0x000000014f53e874  fp=0x000000016fd98bb0  lr=0x0000000101bd4290  sp=0x000000016fd98b80
pc=0x000000014f5354e4 cpsr=0x0000000060001000
Top of Stack: (sp=0x000000016fd98b80)
0x000000016fd98b80:   000000016fd99460 000000010207b7e8
0x000000016fd98b90:   000000016fd98d00 00000001573826e0
0x000000016fd98ba0:   0000000157382000 0000000157382738
0x000000016fd98bb0:   000000016fd98bd0 0000000101bd4890
0x000000016fd98bc0:   000000016fd98c30 00000001573826e0
0x000000016fd98bd0:   000000016fd98bf0 0000000101b8131c
0x000000016fd98be0:   000000016fd98c30 0000000135810800
0x000000016fd98bf0:   000000016fd98c20 000000010176eda8
0x000000016fd98c00:   000000016fd98d00 000000014f539590
0x000000016fd98c10:   000000014f539e68 0000000135810800
0x000000016fd98c20:   000000016fd98ca0 000000010176ec80
0x000000016fd98c30:   000000016fd99490 000000014f539e68
0x000000016fd98c40:   000000014f539590 4f31c5d900000000
0x000000016fd98c50:   000000016fd99500 000000016fd99460
0x000000016fd98c60:   000000012801031c 0000000135810ab0
0x000000016fd98c70:   0000000135810800 000000016fd98ec0
0x000000016fd98c80:   000000014f539590 000000014f53e874
0x000000016fd98c90:   0000000135810800 000000016fd98db0
0x000000016fd98ca0:   000000016fd98d40 0000000101dcd2c4
0x000000016fd98cb0:   000000016fd98ef0 0000000000000000
0x000000016fd98cc0:   0000000000000000 0000000000000000
0x000000016fd98cd0:   0000000000000000 000000f801010000
0x000000016fd98ce0:   000000016fd99400 000000016fd99480
0x000000016fd98cf0:   000000016fd99400 000000014f53e874
0x000000016fd98d00:   000000014f539590 0000000700000000
0x000000016fd98d10:   000000016fd99480 000000016fd99400
0x000000016fd98d20:   000000016fd99018 0000000000000800
0x000000016fd98d30:   0000000135810800 000000016fd98e20
0x000000016fd98d40:   000000016fd98e00 000000010176b98c
0x000000016fd98d50:   000000016fd98ef0 0000000000000000
0x000000016fd98d60:   0000000135810800 0000000000000009
0x000000016fd98d70:   000000016fd98f08 0000000000000008 

Instructions: (pc=0x000000014f5354e4)
0x000000014f5353e4:   1e614000 1400003a d2823809 f2a040a9
0x000000014f5353f4:   f2c00029 6d425935 1e640886 0c402d31
0x000000014f535404:   1e6408c7 1f5654d0 1e6c1017 1f5050d0
0x000000014f535414:   1f504cd0 1f5048d0 1e650af6 1f50d8f6
0x000000014f535424:   1f5694d6 1f5158f6 1e762880 36000501
0x000000014f535434:   1e614000 14000026 2e251ca5 d2824009
0x000000014f535444:   f2a040a9 f2c00029 6d425d36 1e600806
0x000000014f535454:   0c402d32 1f5758c7 1e6c101a 1f4754c7
0x000000014f535464:   1e650805 1f4750c7 d2866668 f2a7fa68
0x000000014f535474:   1f474cc7 1e6608c0 1f4748c7 1e6e1019
0x000000014f535484:   eb08007f 540000ac 1f479400 1f460340
0x000000014f535494:   1e603b20 1400000e d2a7fd29 eb09007f
0x000000014f5354a4:   540000ac 51480069 d3607d29 9e670121
0x000000014f5354b4:   14000002 1e6a5001 1f679417 1f668742
0x000000014f5354c4:   1e613b23 1e773857 1e773860 a8c17ff3
0x000000014f5354d4:   910003bf a8c17bfd d65f03c0 b9400001
0x000000014f5354e4:   aa0103e0 d65f03c0 f9400001 aa0103e0
0x000000014f5354f4:   d65f03c0 00000000 00000000 00000000
0x000000014f535504:   00000000 00000000 00000000 00000000
0x000000014f535514:   00000000 00000000 00000000 00000000
0x000000014f535524:   00000000 00000000 00000000 00000000
0x000000014f535534:   00000000 00000000 00000000 00000000
0x000000014f535544:   00000000 00000000 00000000 00000000
0x000000014f535554:   00000000 00000000 00000000 00000000
0x000000014f535564:   00000000 00000000 00000000 00000000
0x000000014f535574:   00000000 00000000 00000000 00000000
0x000000014f535584:   00000000 00000000 00000000 00000000
0x000000014f535594:   00000000 00000000 00000000 00000000
0x000000014f5355a4:   00000000 00000000 00000000 00000000
0x000000014f5355b4:   00000000 00000000 00000000 00000000
0x000000014f5355c4:   00000000 00000000 00000000 00000000
0x000000014f5355d4:   00000000 00000000 00000000 00000000 


Stack slot to memory mapping:
stack at sp + 0 slots: 0x000000016fd99460 is pointing into the stack for thread: 0x0000000135810800
stack at sp + 1 slots: 0x000000010207b7e8: _ZN12StubRoutines25_call_stub_return_addressE+0 in /Users/adityaratan/Library/Java/JavaVirtualMachines/corretto-17.0.8/Contents/Home/lib/server/libjvm.dylib at 0x000000010140c000
stack at sp + 2 slots: 0x000000016fd98d00 is pointing into the stack for thread: 0x0000000135810800
stack at sp + 3 slots: {method} {0x00000001573826e0} '<init>' '([Ljava/io/ObjectStreamField;)V' in 'java/io/ObjectStreamClass$FieldReflector'
stack at sp + 4 slots: 0x0000000157382000 is pointing into metadata
stack at sp + 5 slots: 0x0000000157382738 is pointing into metadata
stack at sp + 6 slots: 0x000000016fd98bd0 is pointing into the stack for thread: 0x0000000135810800
stack at sp + 7 slots: 0x0000000101bd4890: _ZN2os17is_readable_rangeEPKvS1_+0x2c in /Users/adityaratan/Library/Java/JavaVirtualMachines/corretto-17.0.8/Contents/Home/lib/server/libjvm.dylib at 0x000000010140c000

StubRoutines::SafeFetch32 [0x000000014f5354e0, 0x000000014f5354ec] (12 bytes)
[MachCode]
  0x000000014f5354e0: 0100 40b9 | e003 01aa | c003 5fd6 
[/MachCode]

---------------  P R O C E S S  ---------------

Threads class SMR info:
_java_thread_list=0x0000600000f0a640, length=16, elements={
0x0000000135810800, 0x0000000133939e00, 0x00000001332dd800, 0x0000000135945400,
0x0000000135936200, 0x0000000135936800, 0x00000001332d0000, 0x00000001332d0c00,
0x00000001332d1200, 0x0000000135936e00, 0x0000000135944800, 0x0000000133320000,
0x0000000133a45000, 0x00000001334b5800, 0x00000001230c1200, 0x000000013331f400
}

Java Threads: ( => current thread )
=>0x0000000135810800 JavaThread "main" [_thread_in_Java, id=5379, stack(0x000000016fb98000,0x000000016fd9b000)]
  0x0000000133939e00 JavaThread "Reference Handler" daemon [_thread_blocked, id=20227, stack(0x00000001709ec000,0x0000000170bef000)]
  0x00000001332dd800 JavaThread "Finalizer" daemon [_thread_blocked, id=19971, stack(0x0000000170bf8000,0x0000000170dfb000)]
  0x0000000135945400 JavaThread "Signal Dispatcher" daemon [_thread_blocked, id=22787, stack(0x0000000170f1c000,0x000000017111f000)]
  0x0000000135936200 JavaThread "Service Thread" daemon [_thread_blocked, id=23299, stack(0x0000000171128000,0x000000017132b000)]
  0x0000000135936800 JavaThread "Monitor Deflation Thread" daemon [_thread_blocked, id=30723, stack(0x0000000171334000,0x0000000171537000)]
  0x00000001332d0000 JavaThread "C2 CompilerThread0" daemon [_thread_in_native, id=23811, stack(0x0000000171540000,0x0000000171743000)]
  0x00000001332d0c00 JavaThread "C1 CompilerThread0" daemon [_thread_blocked, id=24323, stack(0x000000017174c000,0x000000017194f000)]
  0x00000001332d1200 JavaThread "Sweeper thread" daemon [_thread_blocked, id=24835, stack(0x0000000171958000,0x0000000171b5b000)]
  0x0000000135936e00 JavaThread "Common-Cleaner" daemon [_thread_blocked, id=30467, stack(0x0000000171b64000,0x0000000171d67000)]
  0x0000000135944800 JavaThread "Monitor Ctrl-Break" daemon [_thread_in_native, id=25603, stack(0x0000000171d70000,0x0000000171f73000)]
  0x0000000133320000 JavaThread "JFR Recorder Thread" daemon [_thread_blocked, id=26115, stack(0x0000000171f7c000,0x000000017217f000)]
  0x0000000133a45000 JavaThread "Attach Listener" daemon [_thread_blocked, id=29955, stack(0x0000000172188000,0x000000017238b000)]
  0x00000001334b5800 JavaThread "JFR Periodic Tasks" daemon [_thread_blocked, id=26371, stack(0x0000000172394000,0x0000000172597000)]
  0x00000001230c1200 JavaThread "Async-profiler Timer" daemon [_thread_in_native, id=33027, stack(0x0000000173068000,0x000000017326b000)]
  0x000000013331f400 JavaThread "Notification Thread" daemon [_thread_blocked, id=33539, stack(0x0000000173274000,0x0000000173477000)]

Other Threads:
  0x000000010119fce0 VMThread "VM Thread" [stack: 0x00000001707e0000,0x00000001709e3000] [id=18435]
  0x0000000134969080 WatcherThread [stack: 0x0000000173480000,0x0000000173683000] [id=43011]
  0x0000000132e1b0c0 GCTaskThread "GC Thread#0" [stack: 0x000000016fda4000,0x000000016ffa7000] [id=14595]
  0x00000001011b0e70 GCTaskThread "GC Thread#1" [stack: 0x00000001725a0000,0x00000001727a3000] [id=26627]
  0x00000001011b12f0 GCTaskThread "GC Thread#2" [stack: 0x00000001727ac000,0x00000001729af000] [id=29187]
  0x0000000134965d40 GCTaskThread "GC Thread#3" [stack: 0x00000001729b8000,0x0000000172bbb000] [id=27139]
  0x00000001349665b0 GCTaskThread "GC Thread#4" [stack: 0x0000000172bc4000,0x0000000172dc7000] [id=27395]
  0x0000000134966e20 GCTaskThread "GC Thread#5" [stack: 0x0000000172dd0000,0x0000000172fd3000] [id=27651]
  0x0000000132e1b770 ConcurrentGCThread "G1 Main Marker" [stack: 0x000000016ffb0000,0x00000001701b3000] [id=14339]
  0x0000000132e1c000 ConcurrentGCThread "G1 Conc#0" [stack: 0x00000001701bc000,0x00000001703bf000] [id=13827]
  0x0000000132e1de70 ConcurrentGCThread "G1 Refine#0" [stack: 0x00000001703c8000,0x00000001705cb000] [id=21507]
  0x0000000122e48340 ConcurrentGCThread "G1 Service" [stack: 0x00000001705d4000,0x00000001707d7000] [id=21251]

Threads with active compile tasks:
C2 CompilerThread0     1274  939       4       jdk.internal.org.objectweb.asm.Frame::execute (2305 bytes)

VM state: not at safepoint (normal execution)

VM Mutex/Monitor currently owned by a thread: None

Heap address: 0x0000000700000000, size: 4096 MB, Compressed Oops mode: Zero based, Oop shift amount: 3

CDS archive(s) mapped at: [0x000000f800000000-0x000000f800be0000-0x000000f800be0000), size 12451840, SharedBaseAddress: 0x000000f800000000, ArchiveRelocationMode: 1.
Compressed class space mapped at: 0x000000f801000000-0x000000f841000000, reserved size: 1073741824
Narrow klass base: 0x000000f800000000, Narrow klass shift: 0, Narrow klass range: 0x100000000

GC Precious Log:
 CPUs: 8 total, 8 available
 Memory: 16384M
 Large Page Support: Disabled
 NUMA Support: Disabled
 Compressed Oops: Enabled (Zero based)
 Heap Region Size: 2M
 Heap Min Capacity: 8M
 Heap Initial Capacity: 256M
 Heap Max Capacity: 4G
 Pre-touch: Disabled
 Parallel Workers: 8
 Concurrent Workers: 2
 Concurrent Refinement Workers: 8
 Periodic GC: Disabled

Heap:
 garbage-first heap   total 266240K, used 12950K [0x0000000700000000, 0x0000000800000000)
  region size 2048K, 5 young (10240K), 2 survivors (4096K)
 Metaspace       used 4191K, committed 4416K, reserved 1114112K
  class space    used 417K, committed 512K, reserved 1048576K

Heap Regions: E=young(eden), S=young(survivor), O=old, HS=humongous(starts), HC=humongous(continues), CS=collection set, F=free, OA=open archive, CA=closed archive, TAMS=top-at-mark-start (previous, next)
|   0|0x0000000700000000, 0x0000000700200000, 0x0000000700200000|100%| O|  |TAMS 0x0000000700000000, 0x0000000700000000| Untracked 
|   1|0x0000000700200000, 0x00000007002ada00, 0x0000000700400000| 33%| O|  |TAMS 0x0000000700200000, 0x0000000700200000| Untracked 
|   2|0x0000000700400000, 0x0000000700400000, 0x0000000700600000|  0%| F|  |TAMS 0x0000000700400000, 0x0000000700400000| Untracked 
|   3|0x0000000700600000, 0x0000000700600000, 0x0000000700800000|  0%| F|  |TAMS 0x0000000700600000, 0x0000000700600000| Untracked 
|   4|0x0000000700800000, 0x0000000700800000, 0x0000000700a00000|  0%| F|  |TAMS 0x0000000700800000, 0x0000000700800000| Untracked 
|   5|0x0000000700a00000, 0x0000000700a00000, 0x0000000700c00000|  0%| F|  |TAMS 0x0000000700a00000, 0x0000000700a00000| Untracked 
|   6|0x0000000700c00000, 0x0000000700c00000, 0x0000000700e00000|  0%| F|  |TAMS 0x0000000700c00000, 0x0000000700c00000| Untracked 
|   7|0x0000000700e00000, 0x0000000700e00000, 0x0000000701000000|  0%| F|  |TAMS 0x0000000700e00000, 0x0000000700e00000| Untracked 
|   8|0x0000000701000000, 0x0000000701000000, 0x0000000701200000|  0%| F|  |TAMS 0x0000000701000000, 0x0000000701000000| Untracked 
|   9|0x0000000701200000, 0x0000000701200000, 0x0000000701400000|  0%| F|  |TAMS 0x0000000701200000, 0x0000000701200000| Untracked 
|  10|0x0000000701400000, 0x0000000701400000, 0x0000000701600000|  0%| F|  |TAMS 0x0000000701400000, 0x0000000701400000| Untracked 
|  11|0x0000000701600000, 0x0000000701600000, 0x0000000701800000|  0%| F|  |TAMS 0x0000000701600000, 0x0000000701600000| Untracked 
|  12|0x0000000701800000, 0x0000000701800000, 0x0000000701a00000|  0%| F|  |TAMS 0x0000000701800000, 0x0000000701800000| Untracked 
|  13|0x0000000701a00000, 0x0000000701a00000, 0x0000000701c00000|  0%| F|  |TAMS 0x0000000701a00000, 0x0000000701a00000| Untracked 
|  14|0x0000000701c00000, 0x0000000701c00000, 0x0000000701e00000|  0%| F|  |TAMS 0x0000000701c00000, 0x0000000701c00000| Untracked 
|  15|0x0000000701e00000, 0x0000000701e00000, 0x0000000702000000|  0%| F|  |TAMS 0x0000000701e00000, 0x0000000701e00000| Untracked 
|  16|0x0000000702000000, 0x0000000702000000, 0x0000000702200000|  0%| F|  |TAMS 0x0000000702000000, 0x0000000702000000| Untracked 
|  17|0x0000000702200000, 0x0000000702200000, 0x0000000702400000|  0%| F|  |TAMS 0x0000000702200000, 0x0000000702200000| Untracked 
|  18|0x0000000702400000, 0x0000000702400000, 0x0000000702600000|  0%| F|  |TAMS 0x0000000702400000, 0x0000000702400000| Untracked 
|  19|0x0000000702600000, 0x0000000702600000, 0x0000000702800000|  0%| F|  |TAMS 0x0000000702600000, 0x0000000702600000| Untracked 
|  20|0x0000000702800000, 0x0000000702800000, 0x0000000702a00000|  0%| F|  |TAMS 0x0000000702800000, 0x0000000702800000| Untracked 
|  21|0x0000000702a00000, 0x0000000702a00000, 0x0000000702c00000|  0%| F|  |TAMS 0x0000000702a00000, 0x0000000702a00000| Untracked 
|  22|0x0000000702c00000, 0x0000000702c00000, 0x0000000702e00000|  0%| F|  |TAMS 0x0000000702c00000, 0x0000000702c00000| Untracked 
|  23|0x0000000702e00000, 0x0000000702e00000, 0x0000000703000000|  0%| F|  |TAMS 0x0000000702e00000, 0x0000000702e00000| Untracked 
|  24|0x0000000703000000, 0x0000000703000000, 0x0000000703200000|  0%| F|  |TAMS 0x0000000703000000, 0x0000000703000000| Untracked 
|  25|0x0000000703200000, 0x0000000703200000, 0x0000000703400000|  0%| F|  |TAMS 0x0000000703200000, 0x0000000703200000| Untracked 
|  26|0x0000000703400000, 0x0000000703400000, 0x0000000703600000|  0%| F|  |TAMS 0x0000000703400000, 0x0000000703400000| Untracked 
|  27|0x0000000703600000, 0x0000000703600000, 0x0000000703800000|  0%| F|  |TAMS 0x0000000703600000, 0x0000000703600000| Untracked 
|  28|0x0000000703800000, 0x0000000703800000, 0x0000000703a00000|  0%| F|  |TAMS 0x0000000703800000, 0x0000000703800000| Untracked 
|  29|0x0000000703a00000, 0x0000000703a00000, 0x0000000703c00000|  0%| F|  |TAMS 0x0000000703a00000, 0x0000000703a00000| Untracked 
|  30|0x0000000703c00000, 0x0000000703c00000, 0x0000000703e00000|  0%| F|  |TAMS 0x0000000703c00000, 0x0000000703c00000| Untracked 
|  31|0x0000000703e00000, 0x0000000703e00000, 0x0000000704000000|  0%| F|  |TAMS 0x0000000703e00000, 0x0000000703e00000| Untracked 
|  32|0x0000000704000000, 0x0000000704000000, 0x0000000704200000|  0%| F|  |TAMS 0x0000000704000000, 0x0000000704000000| Untracked 
|  33|0x0000000704200000, 0x0000000704200000, 0x0000000704400000|  0%| F|  |TAMS 0x0000000704200000, 0x0000000704200000| Untracked 
|  34|0x0000000704400000, 0x0000000704400000, 0x0000000704600000|  0%| F|  |TAMS 0x0000000704400000, 0x0000000704400000| Untracked 
|  35|0x0000000704600000, 0x0000000704600000, 0x0000000704800000|  0%| F|  |TAMS 0x0000000704600000, 0x0000000704600000| Untracked 
|  36|0x0000000704800000, 0x0000000704800000, 0x0000000704a00000|  0%| F|  |TAMS 0x0000000704800000, 0x0000000704800000| Untracked 
|  37|0x0000000704a00000, 0x0000000704a00000, 0x0000000704c00000|  0%| F|  |TAMS 0x0000000704a00000, 0x0000000704a00000| Untracked 
|  38|0x0000000704c00000, 0x0000000704c00000, 0x0000000704e00000|  0%| F|  |TAMS 0x0000000704c00000, 0x0000000704c00000| Untracked 
|  39|0x0000000704e00000, 0x0000000704e00000, 0x0000000705000000|  0%| F|  |TAMS 0x0000000704e00000, 0x0000000704e00000| Untracked 
|  40|0x0000000705000000, 0x0000000705000000, 0x0000000705200000|  0%| F|  |TAMS 0x0000000705000000, 0x0000000705000000| Untracked 
|  41|0x0000000705200000, 0x0000000705200000, 0x0000000705400000|  0%| F|  |TAMS 0x0000000705200000, 0x0000000705200000| Untracked 
|  42|0x0000000705400000, 0x0000000705400000, 0x0000000705600000|  0%| F|  |TAMS 0x0000000705400000, 0x0000000705400000| Untracked 
|  43|0x0000000705600000, 0x0000000705600000, 0x0000000705800000|  0%| F|  |TAMS 0x0000000705600000, 0x0000000705600000| Untracked 
|  44|0x0000000705800000, 0x0000000705800000, 0x0000000705a00000|  0%| F|  |TAMS 0x0000000705800000, 0x0000000705800000| Untracked 
|  45|0x0000000705a00000, 0x0000000705a00000, 0x0000000705c00000|  0%| F|  |TAMS 0x0000000705a00000, 0x0000000705a00000| Untracked 
|  46|0x0000000705c00000, 0x0000000705c00000, 0x0000000705e00000|  0%| F|  |TAMS 0x0000000705c00000, 0x0000000705c00000| Untracked 
|  47|0x0000000705e00000, 0x0000000705e00000, 0x0000000706000000|  0%| F|  |TAMS 0x0000000705e00000, 0x0000000705e00000| Untracked 
|  48|0x0000000706000000, 0x0000000706000000, 0x0000000706200000|  0%| F|  |TAMS 0x0000000706000000, 0x0000000706000000| Untracked 
|  49|0x0000000706200000, 0x0000000706200000, 0x0000000706400000|  0%| F|  |TAMS 0x0000000706200000, 0x0000000706200000| Untracked 
|  50|0x0000000706400000, 0x0000000706400000, 0x0000000706600000|  0%| F|  |TAMS 0x0000000706400000, 0x0000000706400000| Untracked 
|  51|0x0000000706600000, 0x0000000706600000, 0x0000000706800000|  0%| F|  |TAMS 0x0000000706600000, 0x0000000706600000| Untracked 
|  52|0x0000000706800000, 0x0000000706800000, 0x0000000706a00000|  0%| F|  |TAMS 0x0000000706800000, 0x0000000706800000| Untracked 
|  53|0x0000000706a00000, 0x0000000706a00000, 0x0000000706c00000|  0%| F|  |TAMS 0x0000000706a00000, 0x0000000706a00000| Untracked 
|  54|0x0000000706c00000, 0x0000000706c00000, 0x0000000706e00000|  0%| F|  |TAMS 0x0000000706c00000, 0x0000000706c00000| Untracked 
|  55|0x0000000706e00000, 0x0000000706e00000, 0x0000000707000000|  0%| F|  |TAMS 0x0000000706e00000, 0x0000000706e00000| Untracked 
|  56|0x0000000707000000, 0x0000000707000000, 0x0000000707200000|  0%| F|  |TAMS 0x0000000707000000, 0x0000000707000000| Untracked 
|  57|0x0000000707200000, 0x0000000707200000, 0x0000000707400000|  0%| F|  |TAMS 0x0000000707200000, 0x0000000707200000| Untracked 
|  58|0x0000000707400000, 0x0000000707400000, 0x0000000707600000|  0%| F|  |TAMS 0x0000000707400000, 0x0000000707400000| Untracked 
|  59|0x0000000707600000, 0x0000000707600000, 0x0000000707800000|  0%| F|  |TAMS 0x0000000707600000, 0x0000000707600000| Untracked 
|  60|0x0000000707800000, 0x0000000707800000, 0x0000000707a00000|  0%| F|  |TAMS 0x0000000707800000, 0x0000000707800000| Untracked 
|  61|0x0000000707a00000, 0x0000000707a00000, 0x0000000707c00000|  0%| F|  |TAMS 0x0000000707a00000, 0x0000000707a00000| Untracked 
|  62|0x0000000707c00000, 0x0000000707c00000, 0x0000000707e00000|  0%| F|  |TAMS 0x0000000707c00000, 0x0000000707c00000| Untracked 
|  63|0x0000000707e00000, 0x0000000707e00000, 0x0000000708000000|  0%| F|  |TAMS 0x0000000707e00000, 0x0000000707e00000| Untracked 
|  64|0x0000000708000000, 0x0000000708000000, 0x0000000708200000|  0%| F|  |TAMS 0x0000000708000000, 0x0000000708000000| Untracked 
|  65|0x0000000708200000, 0x0000000708200000, 0x0000000708400000|  0%| F|  |TAMS 0x0000000708200000, 0x0000000708200000| Untracked 
|  66|0x0000000708400000, 0x0000000708400000, 0x0000000708600000|  0%| F|  |TAMS 0x0000000708400000, 0x0000000708400000| Untracked 
|  67|0x0000000708600000, 0x0000000708600000, 0x0000000708800000|  0%| F|  |TAMS 0x0000000708600000, 0x0000000708600000| Untracked 
|  68|0x0000000708800000, 0x0000000708800000, 0x0000000708a00000|  0%| F|  |TAMS 0x0000000708800000, 0x0000000708800000| Untracked 
|  69|0x0000000708a00000, 0x0000000708a00000, 0x0000000708c00000|  0%| F|  |TAMS 0x0000000708a00000, 0x0000000708a00000| Untracked 
|  70|0x0000000708c00000, 0x0000000708c00000, 0x0000000708e00000|  0%| F|  |TAMS 0x0000000708c00000, 0x0000000708c00000| Untracked 
|  71|0x0000000708e00000, 0x0000000708e00000, 0x0000000709000000|  0%| F|  |TAMS 0x0000000708e00000, 0x0000000708e00000| Untracked 
|  72|0x0000000709000000, 0x0000000709000000, 0x0000000709200000|  0%| F|  |TAMS 0x0000000709000000, 0x0000000709000000| Untracked 
|  73|0x0000000709200000, 0x0000000709200000, 0x0000000709400000|  0%| F|  |TAMS 0x0000000709200000, 0x0000000709200000| Untracked 
|  74|0x0000000709400000, 0x0000000709400000, 0x0000000709600000|  0%| F|  |TAMS 0x0000000709400000, 0x0000000709400000| Untracked 
|  75|0x0000000709600000, 0x0000000709600000, 0x0000000709800000|  0%| F|  |TAMS 0x0000000709600000, 0x0000000709600000| Untracked 
|  76|0x0000000709800000, 0x0000000709800000, 0x0000000709a00000|  0%| F|  |TAMS 0x0000000709800000, 0x0000000709800000| Untracked 
|  77|0x0000000709a00000, 0x0000000709a00000, 0x0000000709c00000|  0%| F|  |TAMS 0x0000000709a00000, 0x0000000709a00000| Untracked 
|  78|0x0000000709c00000, 0x0000000709c00000, 0x0000000709e00000|  0%| F|  |TAMS 0x0000000709c00000, 0x0000000709c00000| Untracked 
|  79|0x0000000709e00000, 0x0000000709e00000, 0x000000070a000000|  0%| F|  |TAMS 0x0000000709e00000, 0x0000000709e00000| Untracked 
|  80|0x000000070a000000, 0x000000070a000000, 0x000000070a200000|  0%| F|  |TAMS 0x000000070a000000, 0x000000070a000000| Untracked 
|  81|0x000000070a200000, 0x000000070a200000, 0x000000070a400000|  0%| F|  |TAMS 0x000000070a200000, 0x000000070a200000| Untracked 
|  82|0x000000070a400000, 0x000000070a400000, 0x000000070a600000|  0%| F|  |TAMS 0x000000070a400000, 0x000000070a400000| Untracked 
|  83|0x000000070a600000, 0x000000070a600000, 0x000000070a800000|  0%| F|  |TAMS 0x000000070a600000, 0x000000070a600000| Untracked 
|  84|0x000000070a800000, 0x000000070a800000, 0x000000070aa00000|  0%| F|  |TAMS 0x000000070a800000, 0x000000070a800000| Untracked 
|  85|0x000000070aa00000, 0x000000070aa00000, 0x000000070ac00000|  0%| F|  |TAMS 0x000000070aa00000, 0x000000070aa00000| Untracked 
|  86|0x000000070ac00000, 0x000000070ac00000, 0x000000070ae00000|  0%| F|  |TAMS 0x000000070ac00000, 0x000000070ac00000| Untracked 
|  87|0x000000070ae00000, 0x000000070ae00000, 0x000000070b000000|  0%| F|  |TAMS 0x000000070ae00000, 0x000000070ae00000| Untracked 
|  88|0x000000070b000000, 0x000000070b000000, 0x000000070b200000|  0%| F|  |TAMS 0x000000070b000000, 0x000000070b000000| Untracked 
|  89|0x000000070b200000, 0x000000070b200000, 0x000000070b400000|  0%| F|  |TAMS 0x000000070b200000, 0x000000070b200000| Untracked 
|  90|0x000000070b400000, 0x000000070b400000, 0x000000070b600000|  0%| F|  |TAMS 0x000000070b400000, 0x000000070b400000| Untracked 
|  91|0x000000070b600000, 0x000000070b600000, 0x000000070b800000|  0%| F|  |TAMS 0x000000070b600000, 0x000000070b600000| Untracked 
|  92|0x000000070b800000, 0x000000070b800000, 0x000000070ba00000|  0%| F|  |TAMS 0x000000070b800000, 0x000000070b800000| Untracked 
|  93|0x000000070ba00000, 0x000000070ba00000, 0x000000070bc00000|  0%| F|  |TAMS 0x000000070ba00000, 0x000000070ba00000| Untracked 
|  94|0x000000070bc00000, 0x000000070bc00000, 0x000000070be00000|  0%| F|  |TAMS 0x000000070bc00000, 0x000000070bc00000| Untracked 
|  95|0x000000070be00000, 0x000000070be00000, 0x000000070c000000|  0%| F|  |TAMS 0x000000070be00000, 0x000000070be00000| Untracked 
|  96|0x000000070c000000, 0x000000070c000000, 0x000000070c200000|  0%| F|  |TAMS 0x000000070c000000, 0x000000070c000000| Untracked 
|  97|0x000000070c200000, 0x000000070c200000, 0x000000070c400000|  0%| F|  |TAMS 0x000000070c200000, 0x000000070c200000| Untracked 
|  98|0x000000070c400000, 0x000000070c400000, 0x000000070c600000|  0%| F|  |TAMS 0x000000070c400000, 0x000000070c400000| Untracked 
|  99|0x000000070c600000, 0x000000070c600000, 0x000000070c800000|  0%| F|  |TAMS 0x000000070c600000, 0x000000070c600000| Untracked 
| 100|0x000000070c800000, 0x000000070c800000, 0x000000070ca00000|  0%| F|  |TAMS 0x000000070c800000, 0x000000070c800000| Untracked 
| 101|0x000000070ca00000, 0x000000070ca00000, 0x000000070cc00000|  0%| F|  |TAMS 0x000000070ca00000, 0x000000070ca00000| Untracked 
| 102|0x000000070cc00000, 0x000000070cc00000, 0x000000070ce00000|  0%| F|  |TAMS 0x000000070cc00000, 0x000000070cc00000| Untracked 
| 103|0x000000070ce00000, 0x000000070ce00000, 0x000000070d000000|  0%| F|  |TAMS 0x000000070ce00000, 0x000000070ce00000| Untracked 
| 104|0x000000070d000000, 0x000000070d000000, 0x000000070d200000|  0%| F|  |TAMS 0x000000070d000000, 0x000000070d000000| Untracked 
| 105|0x000000070d200000, 0x000000070d200000, 0x000000070d400000|  0%| F|  |TAMS 0x000000070d200000, 0x000000070d200000| Untracked 
| 106|0x000000070d400000, 0x000000070d400000, 0x000000070d600000|  0%| F|  |TAMS 0x000000070d400000, 0x000000070d400000| Untracked 
| 107|0x000000070d600000, 0x000000070d600000, 0x000000070d800000|  0%| F|  |TAMS 0x000000070d600000, 0x000000070d600000| Untracked 
| 108|0x000000070d800000, 0x000000070d800000, 0x000000070da00000|  0%| F|  |TAMS 0x000000070d800000, 0x000000070d800000| Untracked 
| 109|0x000000070da00000, 0x000000070da00000, 0x000000070dc00000|  0%| F|  |TAMS 0x000000070da00000, 0x000000070da00000| Untracked 
| 110|0x000000070dc00000, 0x000000070dc00000, 0x000000070de00000|  0%| F|  |TAMS 0x000000070dc00000, 0x000000070dc00000| Untracked 
| 111|0x000000070de00000, 0x000000070de00000, 0x000000070e000000|  0%| F|  |TAMS 0x000000070de00000, 0x000000070de00000| Untracked 
| 112|0x000000070e000000, 0x000000070e000000, 0x000000070e200000|  0%| F|  |TAMS 0x000000070e000000, 0x000000070e000000| Untracked 
| 113|0x000000070e200000, 0x000000070e200000, 0x000000070e400000|  0%| F|  |TAMS 0x000000070e200000, 0x000000070e200000| Untracked 
| 114|0x000000070e400000, 0x000000070e400000, 0x000000070e600000|  0%| F|  |TAMS 0x000000070e400000, 0x000000070e400000| Untracked 
| 115|0x000000070e600000, 0x000000070e800000, 0x000000070e800000|100%| S|CS|TAMS 0x000000070e600000, 0x000000070e600000| Complete 
| 116|0x000000070e800000, 0x000000070ea00000, 0x000000070ea00000|100%| S|CS|TAMS 0x000000070e800000, 0x000000070e800000| Complete 
| 117|0x000000070ea00000, 0x000000070ea00000, 0x000000070ec00000|  0%| F|  |TAMS 0x000000070ea00000, 0x000000070ea00000| Untracked 
| 118|0x000000070ec00000, 0x000000070ec00000, 0x000000070ee00000|  0%| F|  |TAMS 0x000000070ec00000, 0x000000070ec00000| Untracked 
| 119|0x000000070ee00000, 0x000000070ee00000, 0x000000070f000000|  0%| F|  |TAMS 0x000000070ee00000, 0x000000070ee00000| Untracked 
| 120|0x000000070f000000, 0x000000070f000000, 0x000000070f200000|  0%| F|  |TAMS 0x000000070f000000, 0x000000070f000000| Untracked 
| 121|0x000000070f200000, 0x000000070f200000, 0x000000070f400000|  0%| F|  |TAMS 0x000000070f200000, 0x000000070f200000| Untracked 
| 122|0x000000070f400000, 0x000000070f400000, 0x000000070f600000|  0%| F|  |TAMS 0x000000070f400000, 0x000000070f400000| Untracked 
| 123|0x000000070f600000, 0x000000070f600000, 0x000000070f800000|  0%| F|  |TAMS 0x000000070f600000, 0x000000070f600000| Untracked 
| 124|0x000000070f800000, 0x000000070f800000, 0x000000070fa00000|  0%| F|  |TAMS 0x000000070f800000, 0x000000070f800000| Untracked 
| 125|0x000000070fa00000, 0x000000070fa88850, 0x000000070fc00000| 26%| E|  |TAMS 0x000000070fa00000, 0x000000070fa00000| Complete 
| 126|0x000000070fc00000, 0x000000070fe00000, 0x000000070fe00000|100%| E|CS|TAMS 0x000000070fc00000, 0x000000070fc00000| Complete 
| 127|0x000000070fe00000, 0x0000000710000000, 0x0000000710000000|100%| E|CS|TAMS 0x000000070fe00000, 0x000000070fe00000| Complete 
|2046|0x00000007ffc00000, 0x00000007ffd78000, 0x00000007ffe00000| 73%|OA|  |TAMS 0x00000007ffc00000, 0x00000007ffc00000| Untracked 
|2047|0x00000007ffe00000, 0x00000007ffe80000, 0x0000000800000000| 25%|CA|  |TAMS 0x00000007ffe00000, 0x00000007ffe00000| Untracked 

Card table byte_map: [0x000000010a6d4000,0x000000010aed4000] _byte_map_base: 0x0000000106ed4000

Marking Bits (Prev, Next): (CMBitMap*) 0x000000013386c810, (CMBitMap*) 0x000000013386c850
 Prev Bits: [0x000000010b6d4000, 0x000000010f6d4000)
 Next Bits: [0x0000000112f00000, 0x0000000116f00000)

Polling page: 0x000000010034c000

Metaspace:

Usage:
  Non-class:      3.69 MB used.
      Class:    417.50 KB used.
       Both:      4.09 MB used.

Virtual space:
  Non-class space:       64.00 MB reserved,       3.81 MB (  6%) committed,  1 nodes.
      Class space:        1.00 GB reserved,     512.00 KB ( <1%) committed,  1 nodes.
             Both:        1.06 GB reserved,       4.31 MB ( <1%) committed. 

Chunk freelists:
   Non-Class:  11.81 MB
       Class:  15.50 MB
        Both:  27.31 MB

MaxMetaspaceSize: unlimited
CompressedClassSpaceSize: 1.00 GB
Initial GC threshold: 21.00 MB
Current GC threshold: 21.00 MB
CDS: on
MetaspaceReclaimPolicy: balanced
 - commit_granule_bytes: 65536.
 - commit_granule_words: 8192.
 - virtual_space_node_default_size: 8388608.
 - enlarge_chunks_in_place: 1.
 - new_chunks_are_fully_committed: 0.
 - uncommit_free_chunks: 1.
 - use_allocation_guard: 0.
 - handle_deallocations: 1.


Internal statistics:

num_allocs_failed_limit: 0.
num_arena_births: 64.
num_arena_deaths: 0.
num_vsnodes_births: 2.
num_vsnodes_deaths: 0.
num_space_committed: 69.
num_space_uncommitted: 0.
num_chunks_returned_to_freelist: 0.
num_chunks_taken_from_freelist: 94.
num_chunk_merges: 0.
num_chunk_splits: 49.
num_chunks_enlarged: 20.
num_inconsistent_stats: 0.

CodeHeap 'non-profiled nmethods': size=120032Kb used=379Kb max_used=379Kb free=119652Kb
 bounds [0x000000014fac8000, 0x000000014fd38000, 0x0000000157000000]
CodeHeap 'profiled nmethods': size=120016Kb used=2560Kb max_used=2560Kb free=117455Kb
 bounds [0x0000000148000000, 0x0000000148290000, 0x000000014f534000]
CodeHeap 'non-nmethods': size=5712Kb used=1145Kb max_used=1175Kb free=4566Kb
 bounds [0x000000014f534000, 0x000000014f7a4000, 0x000000014fac8000]
 total_blobs=1616 nmethods=1177 adapters=355
 compilation: enabled
              stopped_count=0, restarted_count=0
 full_count=0

Compilation events (20 events):
Event: 1.264 Thread 0x00000001332d0c00 1192       2       java.lang.invoke.MethodHandles$Lookup::hasFullPrivilegeAccess (18 bytes)
Event: 1.264 Thread 0x00000001332d0c00 nmethod 1192 0x000000014827c490 code [0x000000014827c600, 0x000000014827c718]
Event: 1.264 Thread 0x00000001332d0c00 1194       2       sun.invoke.util.BytecodeDescriptor::unparse (24 bytes)
Event: 1.264 Thread 0x00000001332d0c00 nmethod 1194 0x000000014827c810 code [0x000000014827c9c0, 0x000000014827cb48]
Event: 1.265 Thread 0x00000001332d0c00 1197       2       java.net.URL::isBuiltinStreamHandler (32 bytes)
Event: 1.265 Thread 0x00000001332d0c00 nmethod 1197 0x000000014827cc90 code [0x000000014827cec0, 0x000000014827d3b8]
Event: 1.265 Thread 0x00000001332d0c00 1198       2       java.net.URL::isBuiltinStreamHandler (8 bytes)
Event: 1.265 Thread 0x00000001332d0c00 nmethod 1198 0x000000014827db90 code [0x000000014827dd40, 0x000000014827dec8]
Event: 1.265 Thread 0x00000001332d0c00 1199       1       java.lang.NamedPackage::module (5 bytes)
Event: 1.265 Thread 0x00000001332d0c00 nmethod 1199 0x000000014fb26510 code [0x000000014fb26680, 0x000000014fb26718]
Event: 1.266 Thread 0x00000001332d0c00 1200       2       java.lang.invoke.TypeConvertingMethodAdapter::descriptorToName (36 bytes)
Event: 1.266 Thread 0x00000001332d0c00 nmethod 1200 0x000000014827e010 code [0x000000014827e200, 0x000000014827e5c8]
Event: 1.266 Thread 0x00000001332d0c00 1205       2       java.lang.ref.Cleaner::register (25 bytes)
Event: 1.266 Thread 0x00000001332d0c00 nmethod 1205 0x000000014827ec10 code [0x000000014827ee00, 0x000000014827f168]
Event: 1.266 Thread 0x00000001332d0c00 1206       2       jdk.internal.ref.CleanerImpl$PhantomCleanableRef::<init> (12 bytes)
Event: 1.266 Thread 0x00000001332d0c00 nmethod 1206 0x000000014827f410 code [0x000000014827f5c0, 0x000000014827f788]
Event: 1.266 Thread 0x00000001332d0c00 1201       2       jdk.internal.reflect.MagicAccessorImpl::<init> (5 bytes)
Event: 1.266 Thread 0x00000001332d0c00 nmethod 1201 0x000000014827f890 code [0x000000014827fa00, 0x000000014827fb18]
Event: 1.266 Thread 0x00000001332d0c00 1202       2       sun.invoke.util.Wrapper::forBasicType (16 bytes)
Event: 1.267 Thread 0x00000001332d0c00 nmethod 1202 0x000000014827fc10 code [0x000000014827fdc0, 0x000000014827ff08]

GC Heap History (2 events):
Event: 1.231 GC heap before
{Heap before GC invocations=0 (full 0):
 garbage-first heap   total 266240K, used 22496K [0x0000000700000000, 0x0000000800000000)
  region size 2048K, 11 young (22528K), 0 survivors (0K)
 Metaspace       used 3635K, committed 3840K, reserved 1114112K
  class space    used 364K, committed 448K, reserved 1048576K
}
Event: 1.233 GC heap after
{Heap after GC invocations=1 (full 0):
 garbage-first heap   total 266240K, used 8854K [0x0000000700000000, 0x0000000800000000)
  region size 2048K, 2 young (4096K), 2 survivors (4096K)
 Metaspace       used 3635K, committed 3840K, reserved 1114112K
  class space    used 364K, committed 448K, reserved 1048576K
}

Dll operation events (8 events):
Event: 1.025 Loaded shared library /Users/adityaratan/Library/Java/JavaVirtualMachines/corretto-17.0.8/Contents/Home/lib/libjava.dylib
Event: 1.056 Loaded shared library /Users/adityaratan/Library/Java/JavaVirtualMachines/corretto-17.0.8/Contents/Home/lib/libzip.dylib
Event: 1.056 Loaded shared library /Users/adityaratan/Library/Java/JavaVirtualMachines/corretto-17.0.8/Contents/Home/lib/libinstrument.dylib
Event: 1.058 Loaded shared library /Users/adityaratan/Library/Java/JavaVirtualMachines/corretto-17.0.8/Contents/Home/lib/libnio.dylib
Event: 1.061 Loaded shared library /Users/adityaratan/Library/Java/JavaVirtualMachines/corretto-17.0.8/Contents/Home/lib/libzip.dylib
Event: 1.065 Loaded shared library /Users/adityaratan/Library/Java/JavaVirtualMachines/corretto-17.0.8/Contents/Home/lib/libnet.dylib
Event: 1.071 Loaded shared library /Users/adityaratan/Library/Java/JavaVirtualMachines/corretto-17.0.8/Contents/Home/lib/libextnet.dylib
Event: 1.092 Loaded shared library /Users/adityaratan/Library/Java/JavaVirtualMachines/corretto-17.0.8/Contents/Home/lib/libjimage.dylib

Deoptimization events (20 events):
Event: 1.114 Thread 0x0000000135810800 DEOPT PACKING pc=0x000000014fad5804 sp=0x000000016fd98d80
Event: 1.114 Thread 0x0000000135810800 DEOPT UNPACKING pc=0x000000014f57b91c sp=0x000000016fd98ce0 mode 2
Event: 1.171 Thread 0x0000000135810800 DEOPT PACKING pc=0x0000000148118ae8 sp=0x000000016fd99a80
Event: 1.171 Thread 0x0000000135810800 DEOPT UNPACKING pc=0x000000014f57b77c sp=0x000000016fd99790 mode 3
Event: 1.183 Thread 0x0000000135810800 DEOPT PACKING pc=0x000000014817f62c sp=0x000000016fd984f0
Event: 1.183 Thread 0x0000000135810800 DEOPT UNPACKING pc=0x000000014f57b77c sp=0x000000016fd98200 mode 3
Event: 1.195 Thread 0x0000000135810800 Uncommon trap: trap_request=0xffffff45 fr.pc=0x000000014fb0dc18 relative=0x00000000000001d8
Event: 1.195 Thread 0x0000000135810800 Uncommon trap: reason=unstable_if action=reinterpret pc=0x000000014fb0dc18 method=jdk.internal.org.objectweb.asm.Frame.merge(Ljdk/internal/org/objectweb/asm/SymbolTable;I[II)Z @ 87 c2
Event: 1.195 Thread 0x0000000135810800 DEOPT PACKING pc=0x000000014fb0dc18 sp=0x000000016fd98680
Event: 1.195 Thread 0x0000000135810800 DEOPT UNPACKING pc=0x000000014f57b91c sp=0x000000016fd985e0 mode 2
Event: 1.220 Thread 0x0000000135810800 Uncommon trap: trap_request=0xffffff45 fr.pc=0x000000014fad0dd4 relative=0x0000000000000094
Event: 1.220 Thread 0x0000000135810800 Uncommon trap: reason=unstable_if action=reinterpret pc=0x000000014fad0dd4 method=java.lang.String.hashCode()I @ 42 c2
Event: 1.220 Thread 0x0000000135810800 DEOPT PACKING pc=0x000000014fad0dd4 sp=0x000000016fd982b0
Event: 1.220 Thread 0x0000000135810800 DEOPT UNPACKING pc=0x000000014f57b91c sp=0x000000016fd98240 mode 2
Event: 1.256 Thread 0x0000000135810800 Uncommon trap: trap_request=0xffffffc6 fr.pc=0x000000014fb0011c relative=0x000000000000045c
Event: 1.257 Thread 0x0000000135810800 Uncommon trap: reason=bimorphic_or_optimized_type_check action=maybe_recompile pc=0x000000014fb0011c method=java.util.HashMap.getNode(Ljava/lang/Object;)Ljava/util/HashMap$Node; @ 63 c2
Event: 1.257 Thread 0x0000000135810800 DEOPT PACKING pc=0x000000014fb0011c sp=0x000000016fd9a4e0
Event: 1.257 Thread 0x0000000135810800 DEOPT UNPACKING pc=0x000000014f57b91c sp=0x000000016fd9a470 mode 2
Event: 1.264 Thread 0x0000000135810800 DEOPT PACKING pc=0x00000001480864f4 sp=0x000000016fd99170
Event: 1.264 Thread 0x0000000135810800 DEOPT UNPACKING pc=0x000000014f57b77c sp=0x000000016fd98e10 mode 0

Classes unloaded (0 events):
No events

Classes redefined (20 events):
Event: 1.222 Thread 0x000000010119fce0 redefined class name=sun.nio.ch.SocketChannelImpl, count=1
Event: 1.222 Thread 0x000000010119fce0 redefined class name=java.lang.Throwable, count=1
Event: 1.222 Thread 0x000000010119fce0 redefined class name=java.lang.Error, count=2
Event: 1.249 Thread 0x000000010119fce0 redefined class name=jdk.internal.event.ProcessStartEvent, count=1
Event: 1.249 Thread 0x000000010119fce0 redefined class name=jdk.jfr.events.ContainerIOUsageEvent, count=1
Event: 1.249 Thread 0x000000010119fce0 redefined class name=jdk.jfr.events.ContainerMemoryUsageEvent, count=1
Event: 1.249 Thread 0x000000010119fce0 redefined class name=jdk.jfr.events.ContainerCPUThrottlingEvent, count=1
Event: 1.249 Thread 0x000000010119fce0 redefined class name=jdk.jfr.events.ContainerCPUUsageEvent, count=1
Event: 1.249 Thread 0x000000010119fce0 redefined class name=jdk.jfr.events.ContainerConfigurationEvent, count=1
Event: 1.249 Thread 0x000000010119fce0 redefined class name=jdk.jfr.events.InitialSecurityPropertyEvent, count=1
Event: 1.249 Thread 0x000000010119fce0 redefined class name=jdk.jfr.events.DirectBufferStatisticsEvent, count=1
Event: 1.249 Thread 0x000000010119fce0 redefined class name=jdk.jfr.events.ActiveRecordingEvent, count=1
Event: 1.249 Thread 0x000000010119fce0 redefined class name=jdk.jfr.events.ActiveSettingEvent, count=1
Event: 1.249 Thread 0x000000010119fce0 redefined class name=jdk.jfr.events.ErrorThrownEvent, count=1
Event: 1.249 Thread 0x000000010119fce0 redefined class name=jdk.jfr.events.ExceptionStatisticsEvent, count=1
Event: 1.249 Thread 0x000000010119fce0 redefined class name=jdk.jfr.events.SocketWriteEvent, count=1
Event: 1.249 Thread 0x000000010119fce0 redefined class name=jdk.jfr.events.SocketReadEvent, count=1
Event: 1.249 Thread 0x000000010119fce0 redefined class name=jdk.jfr.events.FileWriteEvent, count=1
Event: 1.249 Thread 0x000000010119fce0 redefined class name=jdk.jfr.events.FileReadEvent, count=1
Event: 1.249 Thread 0x000000010119fce0 redefined class name=jdk.jfr.events.FileForceEvent, count=1

Internal exceptions (20 events):
Event: 1.168 Thread 0x0000000135810800 Exception <a 'java/lang/ClassNotFoundException'{0x000000070f349a10}: jdk/jfr/internal/handlers/EventHandler1468_1694967901670-17955> (0x000000070f349a10) 
thrown [src/hotspot/share/classfile/systemDictionary.cpp, line 256]
Event: 1.170 Thread 0x0000000135810800 Exception <a 'java/lang/ClassNotFoundException'{0x000000070f369e60}: jdk/jfr/internal/handlers/EventHandler1470_1694967901670-17955> (0x000000070f369e60) 
thrown [src/hotspot/share/classfile/systemDictionary.cpp, line 256]
Event: 1.170 Thread 0x0000000135810800 Exception <a 'java/lang/ClassNotFoundException'{0x000000070f37c338}: jdk/jfr/internal/handlers/EventHandler1472_1694967901670-17955> (0x000000070f37c338) 
thrown [src/hotspot/share/classfile/systemDictionary.cpp, line 256]
Event: 1.171 Thread 0x0000000135810800 Exception <a 'java/lang/ClassNotFoundException'{0x000000070f38bed0}: jdk/jfr/internal/handlers/EventHandler1474_1694967901670-17955> (0x000000070f38bed0) 
thrown [src/hotspot/share/classfile/systemDictionary.cpp, line 256]
Event: 1.171 Thread 0x0000000135810800 Exception <a 'java/lang/ClassNotFoundException'{0x000000070f398a40}: jdk/jfr/internal/handlers/EventHandler1476_1694967901670-17955> (0x000000070f398a40) 
thrown [src/hotspot/share/classfile/systemDictionary.cpp, line 256]
Event: 1.172 Thread 0x0000000135810800 Exception <a 'java/lang/ClassNotFoundException'{0x000000070f3a5f60}: jdk/jfr/internal/handlers/EventHandler1478_1694967901670-17955> (0x000000070f3a5f60) 
thrown [src/hotspot/share/classfile/systemDictionary.cpp, line 256]
Event: 1.173 Thread 0x0000000135810800 Exception <a 'java/lang/ClassNotFoundException'{0x000000070f3cda88}: jdk/jfr/internal/handlers/EventHandler1480_1694967901670-17955> (0x000000070f3cda88) 
thrown [src/hotspot/share/classfile/systemDictionary.cpp, line 256]
Event: 1.174 Thread 0x0000000135810800 Exception <a 'java/lang/ClassNotFoundException'{0x000000070f3e8070}: jdk/jfr/internal/handlers/EventHandler1482_1694967901670-17955> (0x000000070f3e8070) 
thrown [src/hotspot/share/classfile/systemDictionary.cpp, line 256]
Event: 1.175 Thread 0x0000000135810800 Exception <a 'java/lang/ClassNotFoundException'{0x000000070f3f9cd0}: jdk/jfr/internal/handlers/EventHandler1484_1694967901670-17955> (0x000000070f3f9cd0) 
thrown [src/hotspot/share/classfile/systemDictionary.cpp, line 256]
Event: 1.176 Thread 0x0000000135810800 Exception <a 'java/lang/ClassNotFoundException'{0x000000070f00a1b8}: jdk/jfr/internal/handlers/EventHandler1487_1694967901670-17955> (0x000000070f00a1b8) 
thrown [src/hotspot/share/classfile/systemDictionary.cpp, line 256]
Event: 1.176 Thread 0x0000000135810800 Exception <a 'java/lang/ClassNotFoundException'{0x000000070f015758}: jdk/jfr/internal/handlers/EventHandler1489_1694967901670-17955> (0x000000070f015758) 
thrown [src/hotspot/share/classfile/systemDictionary.cpp, line 256]
Event: 1.177 Thread 0x0000000135810800 Exception <a 'java/lang/ClassNotFoundException'{0x000000070f02b790}: jdk/jfr/internal/handlers/EventHandler1753_1694967901670-17955> (0x000000070f02b790) 
thrown [src/hotspot/share/classfile/systemDictionary.cpp, line 256]
Event: 1.177 Thread 0x0000000135810800 Exception <a 'java/lang/ClassNotFoundException'{0x000000070f03ac60}: jdk/jfr/internal/handlers/EventHandler1756_1694967901670-17955> (0x000000070f03ac60) 
thrown [src/hotspot/share/classfile/systemDictionary.cpp, line 256]
Event: 1.178 Thread 0x0000000135810800 Exception <a 'java/lang/ClassNotFoundException'{0x000000070f048008}: jdk/jfr/internal/handlers/EventHandler1759_1694967901670-17955> (0x000000070f048008) 
thrown [src/hotspot/share/classfile/systemDictionary.cpp, line 256]
Event: 1.178 Thread 0x0000000135810800 Exception <a 'java/lang/ClassNotFoundException'{0x000000070f055a88}: jdk/jfr/internal/handlers/EventHandler1762_1694967901670-17955> (0x000000070f055a88) 
thrown [src/hotspot/share/classfile/systemDictionary.cpp, line 256]
Event: 1.179 Thread 0x0000000135810800 Exception <a 'java/lang/ClassNotFoundException'{0x000000070f061c98}: jdk/jfr/internal/handlers/EventHandler1765_1694967901670-17955> (0x000000070f061c98) 
thrown [src/hotspot/share/classfile/systemDictionary.cpp, line 256]
Event: 1.224 Thread 0x0000000135810800 Exception <a 'java/lang/NoSuchMethodError'{0x000000070ead3ad8}: 'void java.lang.invoke.DirectMethodHandle$Holder.invokeStatic(java.lang.Object, java.lang.Object, int)'> (0x000000070ead3ad8) 
thrown [src/hotspot/share/interpreter/linkResolver.cpp, line 759]
Event: 1.224 Thread 0x0000000135810800 Exception <a 'java/lang/NoSuchMethodError'{0x000000070ead9c28}: 'java.lang.Object java.lang.invoke.DirectMethodHandle$Holder.newInvokeSpecial(java.lang.Object, java.lang.Object, int)'> (0x000000070ead9c28) 
thrown [src/hotspot/share/interpreter/linkResolver.cpp, line 759]
Event: 1.229 Thread 0x0000000135810800 Exception <a 'java/lang/NoSuchMethodError'{0x000000070eb7af50}: 'void java.lang.invoke.DirectMethodHandle$Holder.invokeSpecial(java.lang.Object, java.lang.Object, java.lang.Object)'> (0x000000070eb7af50) 
thrown [src/hotspot/share/interpreter/linkResolver.cpp, line 759]
Event: 1.263 Thread 0x0000000135810800 Exception <a 'java/lang/NoSuchMethodError'{0x000000070fa3edb0}: 'java.lang.Object java.lang.invoke.DirectMethodHandle$Holder.invokeStaticInit(java.lang.Object, int)'> (0x000000070fa3edb0) 
thrown [src/hotspot/share/interpreter/linkResolver.cpp, line 759]

VM Operations (20 events):
Event: 1.141 Executing VM operation: ICBufferFull
Event: 1.142 Executing VM operation: ICBufferFull done
Event: 1.191 Executing VM operation: ICBufferFull
Event: 1.191 Executing VM operation: ICBufferFull done
Event: 1.221 Executing VM operation: RedefineClasses
Event: 1.223 Executing VM operation: RedefineClasses done
Event: 1.228 Executing VM operation: HandshakeAllThreads
Event: 1.228 Executing VM operation: HandshakeAllThreads done
Event: 1.231 Executing VM operation: G1CollectForAllocation
Event: 1.233 Executing VM operation: G1CollectForAllocation done
Event: 1.240 Executing VM operation: JFRCheckpoint
Event: 1.240 Executing VM operation: JFRCheckpoint done
Event: 1.242 Executing VM operation: JFROldObject
Event: 1.242 Executing VM operation: JFROldObject done
Event: 1.248 Executing VM operation: RedefineClasses
Event: 1.250 Executing VM operation: RedefineClasses done
Event: 1.252 Executing VM operation: ClassLoaderStatsOperation
Event: 1.253 Executing VM operation: ClassLoaderStatsOperation done
Event: 1.261 Executing VM operation: HandshakeAllThreads
Event: 1.261 Executing VM operation: HandshakeAllThreads done

Events (20 events):
Event: 1.265 loading class jdk/internal/reflect/UnsafeQualifiedStaticFieldAccessorImpl done
Event: 1.265 loading class jdk/internal/reflect/UnsafeQualifiedStaticLongFieldAccessorImpl done
Event: 1.265 loading class jdk/internal/reflect/SerializationConstructorAccessorImpl
Event: 1.265 loading class jdk/internal/reflect/SerializationConstructorAccessorImpl done
Event: 1.265 loading class java/io/ObjectOutputStream
Event: 1.266 loading class java/io/ObjectOutput
Event: 1.266 loading class java/io/ObjectOutput done
Event: 1.266 loading class java/io/ObjectStreamConstants
Event: 1.266 loading class java/io/ObjectStreamConstants done
Event: 1.266 loading class java/io/ObjectOutputStream done
Event: 1.266 loading class java/io/ObjectInputStream
Event: 1.266 loading class java/io/ObjectInput
Event: 1.266 loading class java/io/ObjectInput done
Event: 1.266 loading class java/io/ObjectInputStream done
Event: 1.266 loading class java/io/ClassCache$CacheRef
Event: 1.267 loading class java/io/ClassCache$CacheRef done
Event: 1.267 loading class java/io/ObjectStreamClass$FieldReflectorKey
Event: 1.267 loading class java/io/ObjectStreamClass$FieldReflectorKey done
Event: 1.267 loading class java/io/ObjectStreamClass$FieldReflector
Event: 1.267 loading class java/io/ObjectStreamClass$FieldReflector done


Dynamic libraries:
0x00000001003ac000 	/Users/adityaratan/Library/Java/JavaVirtualMachines/corretto-17.0.8/Contents/Home/lib/libjli.dylib
0x00000001aca68000 	/System/Library/Frameworks/Cocoa.framework/Versions/A/Cocoa
0x0000000198983000 	/System/Library/Frameworks/AppKit.framework/Versions/C/AppKit
0x000000019b31d000 	/System/Library/Frameworks/CoreData.framework/Versions/A/CoreData
0x000000019660f000 	/System/Library/Frameworks/Foundation.framework/Versions/C/Foundation
0x00000001a0ca1000 	/usr/lib/libSystem.B.dylib
0x000000019988b000 	/System/Library/PrivateFrameworks/UIFoundation.framework/Versions/A/UIFoundation
0x000000020032b000 	/System/Library/PrivateFrameworks/CollectionViewCore.framework/Versions/A/CollectionViewCore
0x00000001a6f29000 	/System/Library/PrivateFrameworks/RemoteViewServices.framework/Versions/A/RemoteViewServices
0x000000019f0f1000 	/System/Library/PrivateFrameworks/XCTTargetBootstrap.framework/Versions/A/XCTTargetBootstrap
0x00000001a2a33000 	/System/Library/PrivateFrameworks/InternationalSupport.framework/Versions/A/InternationalSupport
0x00000001a2aba000 	/System/Library/PrivateFrameworks/UserActivity.framework/Versions/A/UserActivity
0x0000000216ef4000 	/System/Library/PrivateFrameworks/WindowManagement.framework/Versions/A/WindowManagement
0x00000001962d9000 	/System/Library/Frameworks/SystemConfiguration.framework/Versions/A/SystemConfiguration
0x00000001a1f38000 	/usr/lib/libspindump.dylib
0x0000000199a30000 	/System/Library/Frameworks/UniformTypeIdentifiers.framework/Versions/A/UniformTypeIdentifiers
0x000000019d41c000 	/usr/lib/libapp_launch_measurement.dylib
0x000000019c8ce000 	/System/Library/PrivateFrameworks/CoreAnalytics.framework/Versions/A/CoreAnalytics
0x000000019d423000 	/System/Library/PrivateFrameworks/CoreAutoLayout.framework/Versions/A/CoreAutoLayout
0x000000019e913000 	/System/Library/Frameworks/Metal.framework/Versions/A/Metal
0x000000019f848000 	/usr/lib/liblangid.dylib
0x000000019f0f7000 	/System/Library/PrivateFrameworks/CoreSVG.framework/Versions/A/CoreSVG
0x000000019a351000 	/System/Library/PrivateFrameworks/SkyLight.framework/Versions/A/SkyLight
0x000000019a768000 	/System/Library/Frameworks/CoreGraphics.framework/Versions/A/CoreGraphics
0x00000001a75f8000 	/System/Library/Frameworks/Accelerate.framework/Versions/A/Accelerate
0x00000001a19a6000 	/System/Library/PrivateFrameworks/IconServices.framework/Versions/A/IconServices
0x000000019e8f3000 	/System/Library/Frameworks/IOSurface.framework/Versions/A/IOSurface
0x000000019c8fb000 	/usr/lib/libDiagnosticMessagesClient.dylib
0x00000001a0be7000 	/usr/lib/libz.1.dylib
0x00000001aa854000 	/System/Library/Frameworks/ApplicationServices.framework/Versions/A/ApplicationServices
0x000000019f0d9000 	/System/Library/PrivateFrameworks/DFRFoundation.framework/Versions/A/DFRFoundation
0x0000000198201000 	/usr/lib/libicucore.A.dylib
0x00000001a39c2000 	/System/Library/Frameworks/AudioToolbox.framework/Versions/A/AudioToolbox
0x00000001a2a3e000 	/System/Library/PrivateFrameworks/DataDetectorsCore.framework/Versions/A/DataDetectorsCore
0x00000001b9a4a000 	/System/Library/PrivateFrameworks/TextInput.framework/Versions/A/TextInput
0x000000019a2b6000 	/usr/lib/libMobileGestalt.dylib
0x000000019eda5000 	/System/Library/Frameworks/Carbon.framework/Versions/A/Frameworks/HIToolbox.framework/Versions/A/HIToolbox
0x000000019cda6000 	/System/Library/Frameworks/QuartzCore.framework/Versions/A/QuartzCore
0x0000000197e5e000 	/System/Library/Frameworks/Security.framework/Versions/A/Security
0x00000001a6f69000 	/System/Library/Frameworks/Carbon.framework/Versions/A/Frameworks/SpeechRecognition.framework/Versions/A/SpeechRecognition
0x000000019d15b000 	/System/Library/PrivateFrameworks/CoreUI.framework/Versions/A/CoreUI
0x000000019777e000 	/System/Library/Frameworks/CoreAudio.framework/Versions/A/CoreAudio
0x000000019c9d7000 	/System/Library/Frameworks/DiskArbitration.framework/Versions/A/DiskArbitration
0x00000001a236b000 	/System/Library/PrivateFrameworks/MultitouchSupport.framework/Versions/A/MultitouchSupport
0x000000019a2b4000 	/usr/lib/libenergytrace.dylib
0x0000000198846000 	/System/Library/Frameworks/IOKit.framework/Versions/A/IOKit
0x00000001a734c000 	/System/Library/Frameworks/CoreServices.framework/Versions/A/CoreServices
0x000000019d3a9000 	/System/Library/PrivateFrameworks/PerformanceAnalysis.framework/Versions/A/PerformanceAnalysis
0x00000001e39cd000 	/System/Library/Frameworks/OpenGL.framework/Versions/A/OpenGL
0x000000019d46d000 	/usr/lib/libxml2.2.dylib
0x00000001a0215000 	/System/Library/PrivateFrameworks/MobileKeyBag.framework/Versions/A/MobileKeyBag
0x0000000195310000 	/usr/lib/libobjc.A.dylib
0x00000001955c7000 	/usr/lib/libc++.1.dylib
0x000000019adb2000 	/System/Library/Frameworks/ColorSync.framework/Versions/A/ColorSync
0x00000001956e4000 	/System/Library/Frameworks/CoreFoundation.framework/Versions/A/CoreFoundation
0x000000019f46f000 	/System/Library/Frameworks/CoreImage.framework/Versions/A/CoreImage
0x000000019759f000 	/System/Library/Frameworks/CoreText.framework/Versions/A/CoreText
0x000000019f130000 	/System/Library/Frameworks/ImageIO.framework/Versions/A/ImageIO
0x00000001a0ca7000 	/System/Library/PrivateFrameworks/SoftLinking.framework/Versions/A/SoftLinking
0x00000001a0f3a000 	/usr/lib/libcompression.dylib
0x00000001a298f000 	/System/Library/PrivateFrameworks/TextureIO.framework/Versions/A/TextureIO
0x00000001a1678000 	/usr/lib/libate.dylib
0x00000001a0c9b000 	/usr/lib/system/libcache.dylib
0x00000001a0c54000 	/usr/lib/system/libcommonCrypto.dylib
0x00000001a0c82000 	/usr/lib/system/libcompiler_rt.dylib
0x00000001a0c78000 	/usr/lib/system/libcopyfile.dylib
0x0000000195443000 	/usr/lib/system/libcorecrypto.dylib
0x00000001954fb000 	/usr/lib/system/libdispatch.dylib
0x000000019568c000 	/usr/lib/system/libdyld.dylib
0x00000001a0c91000 	/usr/lib/system/libkeymgr.dylib
0x00000001a0c32000 	/usr/lib/system/libmacho.dylib
0x00000001a030e000 	/usr/lib/system/libquarantine.dylib
0x00000001a0c8e000 	/usr/lib/system/libremovefile.dylib
0x000000019a31b000 	/usr/lib/system/libsystem_asl.dylib
0x00000001953e1000 	/usr/lib/system/libsystem_blocks.dylib
0x0000000195546000 	/usr/lib/system/libsystem_c.dylib
0x00000001a0c86000 	/usr/lib/system/libsystem_collections.dylib
0x000000019f837000 	/usr/lib/system/libsystem_configuration.dylib
0x000000019e8c1000 	/usr/lib/system/libsystem_containermanager.dylib
0x00000001a0943000 	/usr/lib/system/libsystem_coreservices.dylib
0x00000001984b8000 	/usr/lib/system/libsystem_darwin.dylib
0x00000001a0c92000 	/usr/lib/system/libsystem_dnssd.dylib
0x0000000195543000 	/usr/lib/system/libsystem_featureflags.dylib
0x00000001956b8000 	/usr/lib/system/libsystem_info.dylib
0x00000001a0bf9000 	/usr/lib/system/libsystem_m.dylib
0x00000001954cf000 	/usr/lib/system/libsystem_malloc.dylib
0x000000019a29b000 	/usr/lib/system/libsystem_networkextension.dylib
0x0000000198922000 	/usr/lib/system/libsystem_notify.dylib
0x000000019f83c000 	/usr/lib/system/libsystem_sandbox.dylib
0x00000001a0c8b000 	/usr/lib/system/libsystem_secinit.dylib
0x0000000195646000 	/usr/lib/system/libsystem_kernel.dylib
0x00000001956b0000 	/usr/lib/system/libsystem_platform.dylib
0x000000019567f000 	/usr/lib/system/libsystem_pthread.dylib
0x000000019baea000 	/usr/lib/system/libsystem_symptoms.dylib
0x0000000195429000 	/usr/lib/system/libsystem_trace.dylib
0x00000001a0c65000 	/usr/lib/system/libunwind.dylib
0x00000001953e6000 	/usr/lib/system/libxpc.dylib
0x000000019562e000 	/usr/lib/libc++abi.dylib
0x00000001a0c70000 	/usr/lib/liboah.dylib
0x00000001a1537000 	/usr/lib/liblzma.5.dylib
0x00000001a0ca3000 	/usr/lib/libfakelink.dylib
0x0000000199edb000 	/System/Library/Frameworks/CFNetwork.framework/Versions/A/CFNetwork
0x00000001a0de2000 	/usr/lib/libarchive.2.dylib
0x00000001a52b6000 	/System/Library/Frameworks/Combine.framework/Versions/A/Combine
0x00000001a338c000 	/usr/lib/swift/libswiftCore.dylib
0x00000001b6b4e000 	/usr/lib/swift/libswiftCoreFoundation.dylib
0x00000001b4a4e000 	/usr/lib/swift/libswiftDarwin.dylib
0x00000001a8868000 	/usr/lib/swift/libswiftDispatch.dylib
0x00000001b6b6f000 	/usr/lib/swift/libswiftIOKit.dylib
0x00000001aac6f000 	/usr/lib/swift/libswiftObjectiveC.dylib
0x00000001b6b62000 	/usr/lib/swift/libswiftXPC.dylib
0x000000021d6d7000 	/usr/lib/swift/libswift_Concurrency.dylib
0x000000021d829000 	/usr/lib/swift/libswift_StringProcessing.dylib
0x00000001aac73000 	/usr/lib/swift/libswiftos.dylib
0x00000001987cb000 	/System/Library/PrivateFrameworks/CoreServicesInternal.framework/Versions/A/CoreServicesInternal
0x00000001a0339000 	/usr/lib/libbsm.0.dylib
0x00000001a0c38000 	/usr/lib/system/libkxld.dylib
0x000000019d3e5000 	/System/Library/Frameworks/CoreServices.framework/Versions/A/Frameworks/FSEvents.framework/Versions/A/FSEvents
0x00000001984c3000 	/System/Library/Frameworks/CoreServices.framework/Versions/A/Frameworks/CarbonCore.framework/Versions/A/CarbonCore
0x000000019c93e000 	/System/Library/Frameworks/CoreServices.framework/Versions/A/Frameworks/Metadata.framework/Versions/A/Metadata
0x00000001a0949000 	/System/Library/Frameworks/CoreServices.framework/Versions/A/Frameworks/OSServices.framework/Versions/A/OSServices
0x00000001a0e69000 	/System/Library/Frameworks/CoreServices.framework/Versions/A/Frameworks/SearchKit.framework/Versions/A/SearchKit
0x000000019ba6d000 	/System/Library/Frameworks/CoreServices.framework/Versions/A/Frameworks/AE.framework/Versions/A/AE
0x0000000195bbc000 	/System/Library/Frameworks/CoreServices.framework/Versions/A/Frameworks/LaunchServices.framework/Versions/A/LaunchServices
0x00000001a14e0000 	/System/Library/Frameworks/CoreServices.framework/Versions/A/Frameworks/DictionaryServices.framework/Versions/A/DictionaryServices
0x000000019d3f2000 	/System/Library/Frameworks/CoreServices.framework/Versions/A/Frameworks/SharedFileList.framework/Versions/A/SharedFileList
0x00000001a0f08000 	/usr/lib/libapple_nghttp2.dylib
0x0000000199ed7000 	/usr/lib/libnetwork.dylib
0x000000019b6f2000 	/usr/lib/libsqlite3.dylib
0x000000019baf3000 	/System/Library/Frameworks/Network.framework/Versions/A/Network
0x000000021c85d000 	/usr/lib/libCoreEntitlements.dylib
0x000000020976a000 	/System/Library/PrivateFrameworks/MessageSecurity.framework/Versions/A/MessageSecurity
0x000000019b6d8000 	/System/Library/PrivateFrameworks/ProtocolBuffer.framework/Versions/A/ProtocolBuffer
0x00000001a0925000 	/System/Library/PrivateFrameworks/AppleFSCompression.framework/Versions/A/AppleFSCompression
0x00000001a0321000 	/usr/lib/libcoretls.dylib
0x00000001a1550000 	/usr/lib/libcoretls_cfhelpers.dylib
0x00000001a0f35000 	/usr/lib/libpam.2.dylib
0x00000001a15b6000 	/usr/lib/libxar.1.dylib
0x00000001a1981000 	/usr/lib/libheimdal-asn1.dylib
0x00000001a0ca8000 	/usr/lib/libpcap.A.dylib
0x000000019bae0000 	/usr/lib/libdns_services.dylib
0x000000019f844000 	/System/Library/PrivateFrameworks/AppleSystemInfo.framework/Versions/A/AppleSystemInfo
0x00000001a0016000 	/System/Library/PrivateFrameworks/IOMobileFramebuffer.framework/Versions/A/IOMobileFramebuffer
0x00000001a0936000 	/usr/lib/libbz2.1.0.dylib
0x00000001a0311000 	/usr/lib/libCheckFix.dylib
0x000000019a333000 	/System/Library/PrivateFrameworks/TCC.framework/Versions/A/TCC
0x000000019f84a000 	/System/Library/PrivateFrameworks/CoreNLP.framework/Versions/A/CoreNLP
0x000000019c8fd000 	/System/Library/PrivateFrameworks/MetadataUtilities.framework/Versions/A/MetadataUtilities
0x00000001a034a000 	/usr/lib/libmecab.dylib
0x0000000196363000 	/usr/lib/libCRFSuite.dylib
0x00000001a03a7000 	/usr/lib/libgermantok.dylib
0x00000001a0ee1000 	/usr/lib/libThaiTokenizer.dylib
0x000000019c9e0000 	/System/Library/Frameworks/Accelerate.framework/Versions/A/Frameworks/vImage.framework/Versions/A/vImage
0x00000001a7323000 	/System/Library/Frameworks/Accelerate.framework/Versions/A/Frameworks/vecLib.framework/Versions/A/vecLib
0x00000001a15fc000 	/System/Library/Frameworks/Accelerate.framework/Versions/A/Frameworks/vecLib.framework/Versions/A/libvMisc.dylib
0x000000019ff16000 	/System/Library/Frameworks/Accelerate.framework/Versions/A/Frameworks/vecLib.framework/Versions/A/libvDSP.dylib
0x0000000195f6f000 	/System/Library/Frameworks/Accelerate.framework/Versions/A/Frameworks/vecLib.framework/Versions/A/libBLAS.dylib
0x00000001a100c000 	/System/Library/Frameworks/Accelerate.framework/Versions/A/Frameworks/vecLib.framework/Versions/A/libLAPACK.dylib
0x00000001a03aa000 	/System/Library/Frameworks/Accelerate.framework/Versions/A/Frameworks/vecLib.framework/Versions/A/libLinearAlgebra.dylib
0x00000001a0f20000 	/System/Library/Frameworks/Accelerate.framework/Versions/A/Frameworks/vecLib.framework/Versions/A/libSparseBLAS.dylib
0x00000001a1007000 	/System/Library/Frameworks/Accelerate.framework/Versions/A/Frameworks/vecLib.framework/Versions/A/libQuadrature.dylib
0x000000019f943000 	/System/Library/Frameworks/Accelerate.framework/Versions/A/Frameworks/vecLib.framework/Versions/A/libBNNS.dylib
0x0000000196272000 	/System/Library/Frameworks/Accelerate.framework/Versions/A/Frameworks/vecLib.framework/Versions/A/libSparse.dylib
0x0000000208ad6000 	/System/Library/PrivateFrameworks/MIL.framework/Versions/A/MIL
0x00000001a0cdd000 	/usr/lib/libiconv.2.dylib
0x00000001a0c31000 	/usr/lib/libcharset.1.dylib
0x000000019d3c5000 	/System/Library/Frameworks/OpenDirectory.framework/Versions/A/Frameworks/CFOpenDirectory.framework/Versions/A/CFOpenDirectory
0x000000019d3b5000 	/System/Library/Frameworks/OpenDirectory.framework/Versions/A/OpenDirectory
0x00000001a1552000 	/System/Library/PrivateFrameworks/APFS.framework/Versions/A/APFS
0x00000001a024c000 	/System/Library/Frameworks/SecurityFoundation.framework/Versions/A/SecurityFoundation
0x00000001a15c5000 	/usr/lib/libutil.dylib
0x0000000207bce000 	/System/Library/PrivateFrameworks/InstalledContentLibrary.framework/Versions/A/InstalledContentLibrary
0x0000000198809000 	/System/Library/PrivateFrameworks/CoreServicesStore.framework/Versions/A/CoreServicesStore
0x00000001feca2000 	/System/Library/PrivateFrameworks/AppleMobileFileIntegrity.framework/Versions/A/AppleMobileFileIntegrity
0x00000001b6b2d000 	/usr/lib/libmis.dylib
0x00000001c4930000 	/System/Library/PrivateFrameworks/MobileSystemServices.framework/Versions/A/MobileSystemServices
0x00000001ded0d000 	/System/Library/PrivateFrameworks/ConfigProfileHelper.framework/Versions/A/ConfigProfileHelper
0x00000001a0ee3000 	/System/Library/PrivateFrameworks/AppleSauce.framework/Versions/A/AppleSauce
0x0000000197048000 	/System/Library/PrivateFrameworks/LanguageModeling.framework/Versions/A/LanguageModeling
0x00000001a15c9000 	/usr/lib/libxslt.1.dylib
0x00000001a0dd0000 	/usr/lib/libcmph.dylib
0x00000001a0003000 	/System/Library/PrivateFrameworks/CoreEmoji.framework/Versions/A/CoreEmoji
0x000000019f93d000 	/System/Library/PrivateFrameworks/LinguisticData.framework/Versions/A/LinguisticData
0x000000019622a000 	/System/Library/PrivateFrameworks/Lexicon.framework/Versions/A/Lexicon
0x00000001a02df000 	/System/Library/PrivateFrameworks/BackgroundTaskManagement.framework/Versions/A/BackgroundTaskManagement
0x000000021c9fc000 	/usr/lib/libTLE.dylib
0x000000021d774000 	/usr/lib/swift/libswift_RegexParser.dylib
0x00000001a2230000 	/System/Library/PrivateFrameworks/AppleJPEG.framework/Versions/A/AppleJPEG
0x00000001a1966000 	/usr/lib/libexpat.1.dylib
0x00000001a27f1000 	/System/Library/Frameworks/ImageIO.framework/Versions/A/Resources/libPng.dylib
0x00000001a281c000 	/System/Library/Frameworks/ImageIO.framework/Versions/A/Resources/libTIFF.dylib
0x00000001a2905000 	/System/Library/Frameworks/ImageIO.framework/Versions/A/Resources/libGIF.dylib
0x00000001a2275000 	/System/Library/Frameworks/ImageIO.framework/Versions/A/Resources/libJP2.dylib
0x00000001a28a9000 	/System/Library/Frameworks/ImageIO.framework/Versions/A/Resources/libJPEG.dylib
0x00000001a28a0000 	/System/Library/Frameworks/ImageIO.framework/Versions/A/Resources/libRadiance.dylib
0x000000019ec2e000 	/System/Library/PrivateFrameworks/FontServices.framework/libFontParser.dylib
0x000000019ba0f000 	/System/Library/PrivateFrameworks/RunningBoardServices.framework/Versions/A/RunningBoardServices
0x00000001ad191000 	/System/Library/PrivateFrameworks/IOSurfaceAccelerator.framework/Versions/A/IOSurfaceAccelerator
0x00000001a2367000 	/System/Library/PrivateFrameworks/WatchdogClient.framework/Versions/A/WatchdogClient
0x00000001971c1000 	/System/Library/Frameworks/CoreDisplay.framework/Versions/A/CoreDisplay
0x000000019eb09000 	/System/Library/Frameworks/CoreMedia.framework/Versions/A/CoreMedia
0x000000019e909000 	/System/Library/PrivateFrameworks/IOAccelerator.framework/Versions/A/IOAccelerator
0x000000019d556000 	/System/Library/Frameworks/CoreVideo.framework/Versions/A/CoreVideo
0x00000001a0f33000 	/System/Library/Frameworks/MetalPerformanceShaders.framework/Versions/A/MetalPerformanceShaders
0x00000001a23a6000 	/System/Library/Frameworks/VideoToolbox.framework/Versions/A/VideoToolbox
0x000000019b953000 	/System/Library/PrivateFrameworks/BaseBoard.framework/Versions/A/BaseBoard
0x00000001a289b000 	/System/Library/PrivateFrameworks/GPUWrangler.framework/Versions/A/GPUWrangler
0x00000001a287b000 	/System/Library/PrivateFrameworks/IOPresentment.framework/Versions/A/IOPresentment
0x00000001a28a3000 	/System/Library/PrivateFrameworks/DSExternalDisplay.framework/Versions/A/DSExternalDisplay
0x0000000204428000 	/System/Library/PrivateFrameworks/GPUCompiler.framework/Versions/31001/Libraries/libllvm-flatbuffers.dylib
0x00000001e39c0000 	/System/Library/Frameworks/OpenGL.framework/Versions/A/Libraries/libCoreFSCache.dylib
0x0000000204424000 	/System/Library/PrivateFrameworks/GPUCompiler.framework/Versions/31001/Libraries/libGPUCompilerUtils.dylib
0x00000001a290b000 	/System/Library/PrivateFrameworks/CMCaptureCore.framework/Versions/A/CMCaptureCore
0x00000001f8f55000 	/System/Library/Frameworks/ExtensionFoundation.framework/Versions/A/ExtensionFoundation
0x00000001a900d000 	/System/Library/PrivateFrameworks/CoreTime.framework/Versions/A/CoreTime
0x00000001a1f23000 	/System/Library/PrivateFrameworks/AppServerSupport.framework/Versions/A/AppServerSupport
0x00000001a42a4000 	/System/Library/PrivateFrameworks/perfdata.framework/Versions/A/perfdata
0x00000001972e1000 	/System/Library/PrivateFrameworks/AudioToolboxCore.framework/Versions/A/AudioToolboxCore
0x000000019eadf000 	/System/Library/PrivateFrameworks/caulk.framework/Versions/A/caulk
0x00000001a3b61000 	/usr/lib/libAudioStatistics.dylib
0x00000001b5f69000 	/System/Library/PrivateFrameworks/SystemPolicy.framework/Versions/A/SystemPolicy
0x00000001a3e03000 	/usr/lib/libSMC.dylib
0x00000001ac93d000 	/System/Library/Frameworks/CoreMIDI.framework/Versions/A/CoreMIDI
0x00000001a27be000 	/usr/lib/libAudioToolboxUtility.dylib
0x00000001b1d21000 	/System/Library/PrivateFrameworks/OSAServicesClient.framework/Versions/A/OSAServicesClient
0x00000001a42b1000 	/usr/lib/libperfcheck.dylib
0x00000001a1851000 	/System/Library/PrivateFrameworks/PlugInKit.framework/Versions/A/PlugInKit
0x00000001a023e000 	/System/Library/PrivateFrameworks/AssertionServices.framework/Versions/A/AssertionServices
0x00000001e3a22000 	/System/Library/Frameworks/OpenGL.framework/Versions/A/Libraries/libGLU.dylib
0x00000001e39e1000 	/System/Library/Frameworks/OpenGL.framework/Versions/A/Libraries/libGFXShared.dylib
0x00000001e3bc8000 	/System/Library/Frameworks/OpenGL.framework/Versions/A/Libraries/libGL.dylib
0x00000001e39ea000 	/System/Library/Frameworks/OpenGL.framework/Versions/A/Libraries/libGLImage.dylib
0x00000001e39de000 	/System/Library/Frameworks/OpenGL.framework/Versions/A/Libraries/libCVMSPluginSupport.dylib
0x000000021c9db000 	/usr/lib/libRosetta.dylib
0x00000001e39c7000 	/System/Library/Frameworks/OpenGL.framework/Versions/A/Libraries/libCoreVMClient.dylib
0x000000019f7c1000 	/System/Library/Frameworks/MetalPerformanceShaders.framework/Versions/A/Frameworks/MPSCore.framework/Versions/A/MPSCore
0x00000001a089b000 	/System/Library/Frameworks/MetalPerformanceShaders.framework/Versions/A/Frameworks/MPSImage.framework/Versions/A/MPSImage
0x00000001a03bf000 	/System/Library/Frameworks/MetalPerformanceShaders.framework/Versions/A/Frameworks/MPSNeuralNetwork.framework/Versions/A/MPSNeuralNetwork
0x00000001a07ab000 	/System/Library/Frameworks/MetalPerformanceShaders.framework/Versions/A/Frameworks/MPSMatrix.framework/Versions/A/MPSMatrix
0x00000001a05bd000 	/System/Library/Frameworks/MetalPerformanceShaders.framework/Versions/A/Frameworks/MPSRayIntersector.framework/Versions/A/MPSRayIntersector
0x00000001a07d9000 	/System/Library/Frameworks/MetalPerformanceShaders.framework/Versions/A/Frameworks/MPSNDArray.framework/Versions/A/MPSNDArray
0x00000001fa30e000 	/System/Library/Frameworks/MetalPerformanceShaders.framework/Versions/A/Frameworks/MPSFunctions.framework/Versions/A/MPSFunctions
0x0000000195e35000 	/System/Library/PrivateFrameworks/MetalTools.framework/Versions/A/MetalTools
0x000000019f842000 	/System/Library/PrivateFrameworks/AggregateDictionary.framework/Versions/A/AggregateDictionary
0x00000001a170a000 	/usr/lib/libIOReport.dylib
0x00000001abb33000 	/System/Library/PrivateFrameworks/ASEProcessing.framework/Versions/A/ASEProcessing
0x00000001a1ac1000 	/System/Library/PrivateFrameworks/GraphVisualizer.framework/Versions/A/GraphVisualizer
0x0000000204335000 	/System/Library/PrivateFrameworks/FontServices.framework/Versions/A/FontServices
0x00000001a1ee1000 	/System/Library/PrivateFrameworks/OTSVG.framework/Versions/A/OTSVG
0x000000019d109000 	/System/Library/Frameworks/ApplicationServices.framework/Versions/A/Frameworks/ATS.framework/Versions/A/Resources/libFontRegistry.dylib
0x00000001a1f2d000 	/System/Library/PrivateFrameworks/FontServices.framework/libhvf.dylib
0x0000000204336000 	/System/Library/PrivateFrameworks/FontServices.framework/libXTFontStaticRegistryData.dylib
0x0000000215d5a000 	/System/Library/PrivateFrameworks/VideoToolboxParavirtualizationSupport.framework/Versions/A/VideoToolboxParavirtualizationSupport
0x00000001a191a000 	/System/Library/PrivateFrameworks/AppleVA.framework/Versions/A/AppleVA
0x00000001a3ba1000 	/System/Library/Frameworks/ApplicationServices.framework/Versions/A/Frameworks/ATS.framework/Versions/A/ATS
0x000000019aea5000 	/System/Library/Frameworks/ApplicationServices.framework/Versions/A/Frameworks/HIServices.framework/Versions/A/HIServices
0x00000001a2917000 	/System/Library/Frameworks/ApplicationServices.framework/Versions/A/Frameworks/PrintCore.framework/Versions/A/PrintCore
0x00000001a3f5c000 	/System/Library/Frameworks/ApplicationServices.framework/Versions/A/Frameworks/QD.framework/Versions/A/QD
0x00000001a3f50000 	/System/Library/Frameworks/ApplicationServices.framework/Versions/A/Frameworks/ColorSyncLegacy.framework/Versions/A/ColorSyncLegacy
0x00000001a3b75000 	/System/Library/Frameworks/ApplicationServices.framework/Versions/A/Frameworks/SpeechSynthesis.framework/Versions/A/SpeechSynthesis
0x00000001a28d5000 	/System/Library/Frameworks/ApplicationServices.framework/Versions/A/Frameworks/ATSUI.framework/Versions/A/ATSUI
0x00000001a3ee3000 	/usr/lib/libcups.2.dylib
0x00000001a42bf000 	/System/Library/Frameworks/Kerberos.framework/Versions/A/Kerberos
0x00000001a42d0000 	/System/Library/Frameworks/GSS.framework/Versions/A/GSS
0x00000001a3c13000 	/usr/lib/libresolv.9.dylib
0x00000001a1f3d000 	/System/Library/PrivateFrameworks/Heimdal.framework/Versions/A/Heimdal
0x00000001aabf2000 	/System/Library/Frameworks/Kerberos.framework/Versions/A/Libraries/libHeimdalProxy.dylib
0x00000001a4320000 	/System/Library/PrivateFrameworks/CommonAuth.framework/Versions/A/CommonAuth
0x00000001e4c20000 	/System/Library/Frameworks/AVFAudio.framework/Versions/A/AVFAudio
0x00000001b1d70000 	/System/Library/PrivateFrameworks/AXCoreUtilities.framework/Versions/A/AXCoreUtilities
0x00000001a3aed000 	/System/Library/PrivateFrameworks/AudioSession.framework/Versions/A/AudioSession
0x00000001a506f000 	/System/Library/Frameworks/IOBluetooth.framework/Versions/A/IOBluetooth
0x00000001a1a1b000 	/System/Library/PrivateFrameworks/MediaExperience.framework/Versions/A/MediaExperience
0x00000001a3988000 	/System/Library/PrivateFrameworks/AudioSession.framework/libSessionUtility.dylib
0x00000001a3f68000 	/System/Library/PrivateFrameworks/AudioResourceArbitration.framework/Versions/A/AudioResourceArbitration
0x00000001a7f42000 	/System/Library/PrivateFrameworks/PowerLog.framework/Versions/A/PowerLog
0x00000001a7e85000 	/System/Library/Frameworks/CoreBluetooth.framework/Versions/A/CoreBluetooth
0x00000001aabf3000 	/System/Library/Frameworks/AudioUnit.framework/Versions/A/AudioUnit
0x00000001a00a1000 	/System/Library/PrivateFrameworks/CoreUtils.framework/Versions/A/CoreUtils
0x0000000202d6a000 	/System/Library/PrivateFrameworks/CoreUtilsExtras.framework/Versions/A/CoreUtilsExtras
0x0000000207a6c000 	/System/Library/PrivateFrameworks/IO80211.framework/Versions/A/IO80211
0x00000001a198b000 	/System/Library/PrivateFrameworks/IconFoundation.framework/Versions/A/IconFoundation
0x00000001a6f55000 	/System/Library/PrivateFrameworks/SpeechRecognitionCore.framework/Versions/A/SpeechRecognitionCore
0x000000010140c000 	/Users/adityaratan/Library/Java/JavaVirtualMachines/corretto-17.0.8/Contents/Home/lib/server/libjvm.dylib
0x0000000100360000 	/Users/adityaratan/Library/Java/JavaVirtualMachines/corretto-17.0.8/Contents/Home/lib/libjimage.dylib
0x0000000100414000 	/Users/adityaratan/Library/Java/JavaVirtualMachines/corretto-17.0.8/Contents/Home/lib/libinstrument.dylib
0x0000000100464000 	/Users/adityaratan/Library/Java/JavaVirtualMachines/corretto-17.0.8/Contents/Home/lib/libjava.dylib
0x00000001005a0000 	/private/var/folders/j9/934d_rh138g5wch84nhtp3ch0000gn/T/libasyncProfiler.so
0x0000000100540000 	/Users/adityaratan/Library/Java/JavaVirtualMachines/corretto-17.0.8/Contents/Home/lib/libzip.dylib
0x0000000100568000 	/Users/adityaratan/Library/Java/JavaVirtualMachines/corretto-17.0.8/Contents/Home/lib/libnio.dylib
0x000000010102c000 	/Users/adityaratan/Library/Java/JavaVirtualMachines/corretto-17.0.8/Contents/Home/lib/libnet.dylib
0x0000000100448000 	/Users/adityaratan/Library/Java/JavaVirtualMachines/corretto-17.0.8/Contents/Home/lib/libextnet.dylib


VM Arguments:
jvm_args: -ea -Didea.test.cyclic.buffer.size=1048576 -javaagent:/Applications/IntelliJ IDEA.app/Contents/lib/idea_rt.jar=49266:/Applications/IntelliJ IDEA.app/Contents/bin -agentpath:/private/var/folders/j9/934d_rh138g5wch84nhtp3ch0000gn/T/libasyncProfiler.so=start,jfr,event=cpu,interval=10ms,jfrsync=profile,cstack=no,file=/Users/adityaratan/IdeaSnapshots/controller_in_SimplestCRUDExample_2023_09_17_215500.jfr,log=/private/var/folders/j9/934d_rh138g5wch84nhtp3ch0000gn/T/controller_in_SimplestCRUDExample_2023_09_17_215500.jfr.log.txt,logLevel=DEBUG -Dfile.encoding=UTF-8 
java_command: com.intellij.rt.junit.JUnitStarter -ideVersion5 -junit5 @w@/private/var/folders/j9/934d_rh138g5wch84nhtp3ch0000gn/T/idea_working_dirs_junit.tmp @/private/var/folders/j9/934d_rh138g5wch84nhtp3ch0000gn/T/idea_junit.tmp -socket49265
java_class_path (initial): /Users/adityaratan/.m2/repository/org/junit/platform/junit-platform-launcher/1.8.2/junit-platform-launcher-1.8.2.jar:/Applications/IntelliJ IDEA.app/Contents/lib/idea_rt.jar:/Applications/IntelliJ IDEA.app/Contents/plugins/junit/lib/junit5-rt.jar:/Applications/IntelliJ IDEA.app/Contents/plugins/junit/lib/junit-rt.jar:/Users/adityaratan/Downloads/CHROME DOWNLOAD/SimplestCRUDExample-main/target/test-classes:/Users/adityaratan/Downloads/CHROME DOWNLOAD/SimplestCRUDExample-main/target/classes:/Users/adityaratan/.m2/repository/org/springframework/boot/spring-boot-starter-data-jpa/2.7.2/spring-boot-starter-data-jpa-2.7.2.jar:/Users/adityaratan/.m2/repository/org/springframework/boot/spring-boot-starter-aop/2.7.2/spring-boot-starter-aop-2.7.2.jar:/Users/adityaratan/.m2/repository/org/springframework/spring-aop/5.3.22/spring-aop-5.3.22.jar:/Users/adityaratan/.m2/repository/org/aspectj/aspectjweaver/1.9.7/aspectjweaver-1.9.7.jar:/Users/adityaratan/.m2/repository/org/springframework/boot/spring-boot-starter-jdbc/2.7.2/spring-boot-starter-jdbc-2.7.2.jar:/Users/adityaratan/.m2/repository/com/zaxxer/HikariCP/4.0.3/HikariCP-4.0.3.jar:/Users/adityaratan/.m2/repository/org/springframework/spring-jdbc/5.3.22/spring-jdbc-5.3.22.jar:/Users/adityaratan/.m2/repository/jakarta/transaction/jakarta.transaction-api/1.3.3/jakarta.transaction-api-1.3.3.jar:/Users/adityaratan/.m2/repository/jakarta/persistence/jakarta.persistence-api/2.2.3/jakarta.persistence-api-2.2.3.jar:/Users/adityaratan/.m2/repository/org/hibernate/hibernate-core/5.6.10.Final/hibernate-core-5.6.10.Final.jar:/Users/adityaratan/.m2/repository/org/jboss/logging/jboss-logging/3.4.3.Final/jboss-logging-3.4.3.Final.jar:/Users/adityaratan/.m2/repository/net/bytebuddy/byte-buddy/1.12.12/byte-buddy-1.12.12.jar:/Users/adityaratan/.m2/repository/antlr/antlr/2.7.7/antlr-2.7.7.jar:/Users/adityaratan/.m2/repository/org/jboss/jandex/2.4.2.Final/jandex-2.4.2.Final.jar:/Users/adityaratan/.m2/repository/com/fas
Launcher Type: SUN_STANDARD

[Global flags]
     intx CICompilerCount                          = 4                                         {product} {ergonomic}
     uint ConcGCThreads                            = 2                                         {product} {ergonomic}
     bool FlightRecorder                           = true                                      {product} {management}
     uint G1ConcRefinementThreads                  = 8                                         {product} {ergonomic}
   size_t G1HeapRegionSize                         = 2097152                                   {product} {ergonomic}
    uintx GCDrainStackTargetSize                   = 64                                        {product} {ergonomic}
   size_t InitialHeapSize                          = 268435456                                 {product} {ergonomic}
   size_t MarkStackSize                            = 4194304                                   {product} {ergonomic}
   size_t MaxHeapSize                              = 4294967296                                {product} {ergonomic}
   size_t MaxNewSize                               = 2575302656                                {product} {ergonomic}
   size_t MinHeapDeltaBytes                        = 2097152                                   {product} {ergonomic}
   size_t MinHeapSize                              = 8388608                                   {product} {ergonomic}
    uintx NonNMethodCodeHeapSize                   = 5839564                                {pd product} {ergonomic}
    uintx NonProfiledCodeHeapSize                  = 122909338                              {pd product} {ergonomic}
    uintx ProfiledCodeHeapSize                     = 122909338                              {pd product} {ergonomic}
    uintx ReservedCodeCacheSize                    = 251658240                              {pd product} {ergonomic}
     bool SegmentedCodeCache                       = true                                      {product} {ergonomic}
   size_t SoftMaxHeapSize                          = 4294967296                             {manageable} {ergonomic}
     bool UseCompressedClassPointers               = true                           {product lp64_product} {ergonomic}
     bool UseCompressedOops                        = true                           {product lp64_product} {ergonomic}
     bool UseG1GC                                  = true                                      {product} {ergonomic}
     bool UseNUMA                                  = false                                     {product} {ergonomic}
     bool UseNUMAInterleaving                      = false                                     {product} {ergonomic}

Logging:
Log output configuration:
 #0: stdout all=warning,jni+resolve=error uptime,level,tags (reconfigured)
 #1: stderr all=off uptime,level,tags

Environment Variables:
PATH=/usr/local/bin:/usr/bin:/bin:/usr/sbin:/sbin:/usr/local/mysql/bins:/Library/Apple/usr/bin:/usr/local/mysql-8.0.29-macos12-arm64/bin
SHELL=/bin/bash
LC_CTYPE=en_IN.UTF-8
TMPDIR=/var/folders/j9/934d_rh138g5wch84nhtp3ch0000gn/T/

Active Locale:
LC_ALL=C
LC_COLLATE=C
LC_CTYPE=C
LC_MESSAGES=C
LC_MONETARY=C
LC_NUMERIC=C
LC_TIME=C

Signal Handlers:
   SIGSEGV: crash_handler in libjvm.dylib, mask=11100110000111110111111111111111, flags=SA_RESTART|SA_SIGINFO, unblocked
    SIGBUS: crash_handler in libjvm.dylib, mask=11100110000111110111111111111111, flags=SA_RESTART|SA_SIGINFO, unblocked
    SIGFPE: crash_handler in libjvm.dylib, mask=11100110000111110111111111111111, flags=SA_RESTART|SA_SIGINFO, unblocked
   SIGPIPE: javaSignalHandler in libjvm.dylib, mask=11100110000111110111111111111111, flags=SA_RESTART|SA_SIGINFO, blocked
   SIGXFSZ: javaSignalHandler in libjvm.dylib, mask=11100110000111110111111111111111, flags=SA_RESTART|SA_SIGINFO, blocked
    SIGILL: crash_handler in libjvm.dylib, mask=11100110000111110111111111111111, flags=SA_RESTART|SA_SIGINFO, unblocked
   SIGUSR2: SR_handler in libjvm.dylib, mask=00100000000000000000000000000000, flags=SA_RESTART|SA_SIGINFO, blocked
    SIGHUP: UserHandler in libjvm.dylib, mask=11100110000111110111111111111111, flags=SA_RESTART|SA_SIGINFO, blocked
    SIGINT: UserHandler in libjvm.dylib, mask=11100110000111110111111111111111, flags=SA_RESTART|SA_SIGINFO, blocked
   SIGTERM: UserHandler in libjvm.dylib, mask=11100110000111110111111111111111, flags=SA_RESTART|SA_SIGINFO, blocked
   SIGQUIT: UserHandler in libjvm.dylib, mask=11100110000111110111111111111111, flags=SA_RESTART|SA_SIGINFO, blocked
   SIGTRAP: crash_handler in libjvm.dylib, mask=11100110000111110111111111111111, flags=SA_RESTART|SA_SIGINFO, unblocked


---------------  S Y S T E M  ---------------

OS:
uname: Darwin 22.1.0 Darwin Kernel Version 22.1.0: Sun Oct  9 20:14:30 PDT 2022; root:xnu-8792.41.9~2/RELEASE_ARM64_T8103 arm64
OS uptime: 6 days 8:26 hours
rlimit (soft/hard): STACK 8176k/65520k , CORE 0k/infinity , NPROC 2666/4000 , NOFILE 10240/infinity , AS infinity/infinity , CPU infinity/infinity , DATA infinity/infinity , FSIZE infinity/infinity , MEMLOCK infinity/infinity , RSS infinity/infinity
load average: 2.10 3.07 3.06

CPU: total 8 (initial active 8) 0x61:0x0:0x1b588bb3:0, fp, simd, crc, lse
machdep.cpu.brand_string:Apple M1
hw.cachelinesize:128
hw.l1icachesize:131072
hw.l1dcachesize:65536
hw.l2cachesize:4194304

Memory: 16k page, physical 16777216k(40512k free), swap 2097152k(738048k free)

vm_info: OpenJDK 64-Bit Server VM (17.0.8+7-LTS) for bsd-aarch64 JRE (17.0.8+7-LTS), built on Jul 10 2023 20:29:12 by "ec2user" with clang Apple LLVM 13.0.0 (clang-1300.0.29.30)

END.
